TN:
SF:server_modern.js
FN:36,(anonymous_0)
FN:59,authenticateToken
FN:71,(anonymous_2)
FN:84,requireRole
FN:85,(anonymous_4)
FN:87,(anonymous_5)
FN:110,(anonymous_6)
FN:236,(anonymous_7)
FN:243,(anonymous_8)
FN:254,(anonymous_9)
FN:263,(anonymous_10)
FN:289,(anonymous_11)
FN:327,(anonymous_12)
FN:376,(anonymous_13)
FN:428,(anonymous_14)
FN:453,(anonymous_15)
FN:518,(anonymous_16)
FN:593,(anonymous_17)
FN:621,(anonymous_18)
FN:649,(anonymous_19)
FN:680,(anonymous_20)
FN:706,(anonymous_21)
FN:808,(anonymous_22)
FN:826,(anonymous_23)
FN:847,(anonymous_24)
FN:868,(anonymous_25)
FN:910,(anonymous_26)
FN:950,(anonymous_27)
FN:992,(anonymous_28)
FN:1032,(anonymous_29)
FN:1111,(anonymous_30)
FN:1157,(anonymous_31)
FN:1176,(anonymous_32)
FN:1219,(anonymous_33)
FN:1266,(anonymous_34)
FN:1290,(anonymous_35)
FN:1309,(anonymous_36)
FN:1328,(anonymous_37)
FN:1359,(anonymous_38)
FN:1393,(anonymous_39)
FN:1420,normalizeGuruData
FN:1428,(anonymous_41)
FN:1458,(anonymous_42)
FN:1501,(anonymous_43)
FN:1507,(anonymous_44)
FN:1523,(anonymous_45)
FN:1656,(anonymous_46)
FN:1784,(anonymous_47)
FN:1827,(anonymous_48)
FN:1830,(anonymous_49)
FN:1842,(anonymous_50)
FN:1847,(anonymous_51)
FN:1855,(anonymous_52)
FN:1860,(anonymous_53)
FN:1861,(anonymous_54)
FN:1868,(anonymous_55)
FN:1907,(anonymous_56)
FN:1951,(anonymous_57)
FN:1954,(anonymous_58)
FN:1961,(anonymous_59)
FN:1966,(anonymous_60)
FN:1974,(anonymous_61)
FN:1978,(anonymous_62)
FN:1978,(anonymous_63)
FN:1988,(anonymous_64)
FN:1997,(anonymous_65)
FN:2011,(anonymous_66)
FN:2048,(anonymous_67)
FN:2071,(anonymous_68)
FN:2121,(anonymous_69)
FN:2176,(anonymous_70)
FN:2303,(anonymous_71)
FN:2360,(anonymous_72)
FN:2406,(anonymous_73)
FN:2516,(anonymous_74)
FN:2560,(anonymous_75)
FN:2590,(anonymous_76)
FN:2644,(anonymous_77)
FN:2694,(anonymous_78)
FN:2738,(anonymous_79)
FN:2791,(anonymous_80)
FN:2798,(anonymous_81)
FN:2815,(anonymous_82)
FN:2817,(anonymous_83)
FN:2843,(anonymous_84)
FN:2877,(anonymous_85)
FN:2916,(anonymous_86)
FN:2922,(anonymous_87)
FN:2926,(anonymous_88)
FN:2928,(anonymous_89)
FN:2953,(anonymous_90)
FN:2972,(anonymous_91)
FN:3015,(anonymous_92)
FN:3065,(anonymous_93)
FN:3071,(anonymous_94)
FN:3075,(anonymous_95)
FN:3077,(anonymous_96)
FN:3104,(anonymous_97)
FN:3175,(anonymous_98)
FN:3200,(anonymous_99)
FN:3224,(anonymous_100)
FN:3263,(anonymous_101)
FN:3305,(anonymous_102)
FN:3366,(anonymous_103)
FN:3424,(anonymous_104)
FN:3469,(anonymous_105)
FN:3519,(anonymous_106)
FN:3558,(anonymous_107)
FN:3598,(anonymous_108)
FN:3654,(anonymous_109)
FN:3665,(anonymous_110)
FN:3694,(anonymous_111)
FN:3734,(anonymous_112)
FN:3735,(anonymous_113)
FN:3736,(anonymous_114)
FN:3737,(anonymous_115)
FN:3738,(anonymous_116)
FN:3739,(anonymous_117)
FN:3756,(anonymous_118)
FN:3799,(anonymous_119)
FN:3852,(anonymous_120)
FN:3890,(anonymous_121)
FN:3930,(anonymous_122)
FN:3967,(anonymous_123)
FN:4004,(anonymous_124)
FN:4030,(anonymous_125)
FN:4080,(anonymous_126)
FN:4153,(anonymous_127)
FN:4182,(anonymous_128)
FN:4228,(anonymous_129)
FN:4254,(anonymous_130)
FN:4299,(anonymous_131)
FN:4357,(anonymous_132)
FN:4477,(anonymous_133)
FN:4516,(anonymous_134)
FN:4602,(anonymous_135)
FN:4660,(anonymous_136)
FN:4679,(anonymous_137)
FN:4757,(anonymous_138)
FN:4790,(anonymous_139)
FN:4843,(anonymous_140)
FN:4912,(anonymous_141)
FN:4960,(anonymous_142)
FN:4982,(anonymous_143)
FN:5024,(anonymous_144)
FN:5069,(anonymous_145)
FN:5092,(anonymous_146)
FN:5127,(anonymous_147)
FN:5189,(anonymous_148)
FN:5268,(anonymous_149)
FN:5316,(anonymous_150)
FN:5339,(anonymous_151)
FN:5381,(anonymous_152)
FN:5426,(anonymous_153)
FN:5449,(anonymous_154)
FN:5500,(anonymous_155)
FN:5527,(anonymous_156)
FN:5651,(anonymous_157)
FN:5737,(anonymous_158)
FN:5776,(anonymous_159)
FN:5820,(anonymous_160)
FN:5865,(anonymous_161)
FN:5935,(anonymous_162)
FN:6002,(anonymous_163)
FN:6047,(anonymous_164)
FN:6095,(anonymous_165)
FN:6108,(anonymous_166)
FN:6117,(anonymous_167)
FN:6130,(anonymous_168)
FN:6147,(anonymous_169)
FN:6160,startServer
FN:6171,(anonymous_171)
FN:6187,(anonymous_172)
FNF:173
FNH:2
FNDA:0,(anonymous_0)
FNDA:0,authenticateToken
FNDA:0,(anonymous_2)
FNDA:99,requireRole
FNDA:0,(anonymous_4)
FNDA:0,(anonymous_5)
FNDA:0,(anonymous_6)
FNDA:0,(anonymous_7)
FNDA:0,(anonymous_8)
FNDA:0,(anonymous_9)
FNDA:0,(anonymous_10)
FNDA:0,(anonymous_11)
FNDA:0,(anonymous_12)
FNDA:0,(anonymous_13)
FNDA:0,(anonymous_14)
FNDA:0,(anonymous_15)
FNDA:0,(anonymous_16)
FNDA:0,(anonymous_17)
FNDA:0,(anonymous_18)
FNDA:0,(anonymous_19)
FNDA:0,(anonymous_20)
FNDA:0,(anonymous_21)
FNDA:0,(anonymous_22)
FNDA:0,(anonymous_23)
FNDA:0,(anonymous_24)
FNDA:0,(anonymous_25)
FNDA:0,(anonymous_26)
FNDA:0,(anonymous_27)
FNDA:0,(anonymous_28)
FNDA:0,(anonymous_29)
FNDA:0,(anonymous_30)
FNDA:0,(anonymous_31)
FNDA:0,(anonymous_32)
FNDA:0,(anonymous_33)
FNDA:0,(anonymous_34)
FNDA:0,(anonymous_35)
FNDA:0,(anonymous_36)
FNDA:0,(anonymous_37)
FNDA:0,(anonymous_38)
FNDA:0,(anonymous_39)
FNDA:0,normalizeGuruData
FNDA:0,(anonymous_41)
FNDA:0,(anonymous_42)
FNDA:0,(anonymous_43)
FNDA:0,(anonymous_44)
FNDA:0,(anonymous_45)
FNDA:0,(anonymous_46)
FNDA:0,(anonymous_47)
FNDA:0,(anonymous_48)
FNDA:0,(anonymous_49)
FNDA:0,(anonymous_50)
FNDA:0,(anonymous_51)
FNDA:0,(anonymous_52)
FNDA:0,(anonymous_53)
FNDA:0,(anonymous_54)
FNDA:0,(anonymous_55)
FNDA:0,(anonymous_56)
FNDA:0,(anonymous_57)
FNDA:0,(anonymous_58)
FNDA:0,(anonymous_59)
FNDA:0,(anonymous_60)
FNDA:0,(anonymous_61)
FNDA:0,(anonymous_62)
FNDA:0,(anonymous_63)
FNDA:0,(anonymous_64)
FNDA:0,(anonymous_65)
FNDA:0,(anonymous_66)
FNDA:0,(anonymous_67)
FNDA:0,(anonymous_68)
FNDA:0,(anonymous_69)
FNDA:0,(anonymous_70)
FNDA:0,(anonymous_71)
FNDA:0,(anonymous_72)
FNDA:0,(anonymous_73)
FNDA:0,(anonymous_74)
FNDA:0,(anonymous_75)
FNDA:0,(anonymous_76)
FNDA:0,(anonymous_77)
FNDA:0,(anonymous_78)
FNDA:0,(anonymous_79)
FNDA:0,(anonymous_80)
FNDA:0,(anonymous_81)
FNDA:0,(anonymous_82)
FNDA:0,(anonymous_83)
FNDA:0,(anonymous_84)
FNDA:0,(anonymous_85)
FNDA:0,(anonymous_86)
FNDA:0,(anonymous_87)
FNDA:0,(anonymous_88)
FNDA:0,(anonymous_89)
FNDA:0,(anonymous_90)
FNDA:0,(anonymous_91)
FNDA:0,(anonymous_92)
FNDA:0,(anonymous_93)
FNDA:0,(anonymous_94)
FNDA:0,(anonymous_95)
FNDA:0,(anonymous_96)
FNDA:0,(anonymous_97)
FNDA:0,(anonymous_98)
FNDA:0,(anonymous_99)
FNDA:0,(anonymous_100)
FNDA:0,(anonymous_101)
FNDA:0,(anonymous_102)
FNDA:0,(anonymous_103)
FNDA:0,(anonymous_104)
FNDA:0,(anonymous_105)
FNDA:0,(anonymous_106)
FNDA:0,(anonymous_107)
FNDA:0,(anonymous_108)
FNDA:0,(anonymous_109)
FNDA:0,(anonymous_110)
FNDA:0,(anonymous_111)
FNDA:0,(anonymous_112)
FNDA:0,(anonymous_113)
FNDA:0,(anonymous_114)
FNDA:0,(anonymous_115)
FNDA:0,(anonymous_116)
FNDA:0,(anonymous_117)
FNDA:0,(anonymous_118)
FNDA:0,(anonymous_119)
FNDA:0,(anonymous_120)
FNDA:0,(anonymous_121)
FNDA:0,(anonymous_122)
FNDA:0,(anonymous_123)
FNDA:0,(anonymous_124)
FNDA:0,(anonymous_125)
FNDA:0,(anonymous_126)
FNDA:0,(anonymous_127)
FNDA:0,(anonymous_128)
FNDA:0,(anonymous_129)
FNDA:0,(anonymous_130)
FNDA:0,(anonymous_131)
FNDA:0,(anonymous_132)
FNDA:0,(anonymous_133)
FNDA:0,(anonymous_134)
FNDA:0,(anonymous_135)
FNDA:0,(anonymous_136)
FNDA:0,(anonymous_137)
FNDA:0,(anonymous_138)
FNDA:0,(anonymous_139)
FNDA:0,(anonymous_140)
FNDA:0,(anonymous_141)
FNDA:0,(anonymous_142)
FNDA:0,(anonymous_143)
FNDA:0,(anonymous_144)
FNDA:0,(anonymous_145)
FNDA:0,(anonymous_146)
FNDA:0,(anonymous_147)
FNDA:0,(anonymous_148)
FNDA:0,(anonymous_149)
FNDA:0,(anonymous_150)
FNDA:0,(anonymous_151)
FNDA:0,(anonymous_152)
FNDA:0,(anonymous_153)
FNDA:0,(anonymous_154)
FNDA:0,(anonymous_155)
FNDA:0,(anonymous_156)
FNDA:0,(anonymous_157)
FNDA:0,(anonymous_158)
FNDA:0,(anonymous_159)
FNDA:0,(anonymous_160)
FNDA:0,(anonymous_161)
FNDA:0,(anonymous_162)
FNDA:0,(anonymous_163)
FNDA:0,(anonymous_164)
FNDA:0,(anonymous_165)
FNDA:0,(anonymous_166)
FNDA:0,(anonymous_167)
FNDA:0,(anonymous_168)
FNDA:0,(anonymous_169)
FNDA:1,startServer
FNDA:0,(anonymous_171)
FNDA:0,(anonymous_172)
DA:1,1
DA:14,1
DA:15,1
DA:18,1
DA:21,1
DA:22,1
DA:23,0
DA:24,0
DA:25,0
DA:27,1
DA:30,1
DA:36,1
DA:37,0
DA:38,0
DA:39,0
DA:45,0
DA:48,1
DA:49,1
DA:50,1
DA:60,0
DA:61,0
DA:63,0
DA:64,0
DA:66,0
DA:67,0
DA:68,0
DA:71,0
DA:72,0
DA:73,0
DA:74,0
DA:75,0
DA:77,0
DA:78,0
DA:79,0
DA:85,99
DA:87,0
DA:90,0
DA:92,0
DA:93,0
DA:94,0
DA:96,0
DA:97,0
DA:98,0
DA:100,0
DA:101,0
DA:110,1
DA:111,0
DA:112,0
DA:114,0
DA:116,0
DA:117,0
DA:121,0
DA:126,0
DA:127,0
DA:128,0
DA:131,0
DA:134,0
DA:136,0
DA:137,0
DA:138,0
DA:142,0
DA:144,0
DA:145,0
DA:146,0
DA:147,0
DA:148,0
DA:155,0
DA:156,0
DA:157,0
DA:162,0
DA:164,0
DA:165,0
DA:168,0
DA:169,0
DA:172,0
DA:173,0
DA:174,0
DA:181,0
DA:182,0
DA:183,0
DA:189,0
DA:191,0
DA:195,0
DA:197,0
DA:201,0
DA:211,0
DA:214,0
DA:220,0
DA:222,0
DA:230,0
DA:231,0
DA:236,1
DA:237,0
DA:238,0
DA:239,0
DA:243,1
DA:244,0
DA:254,1
DA:255,0
DA:256,0
DA:263,1
DA:264,0
DA:266,0
DA:267,0
DA:270,0
DA:271,0
DA:272,0
DA:279,0
DA:289,1
DA:290,0
DA:291,0
DA:292,0
DA:294,0
DA:299,0
DA:300,0
DA:303,0
DA:304,0
DA:321,0
DA:322,0
DA:327,1
DA:328,0
DA:329,0
DA:330,0
DA:332,0
DA:333,0
DA:336,0
DA:345,0
DA:346,0
DA:349,0
DA:350,0
DA:370,0
DA:371,0
DA:376,1
DA:377,0
DA:378,0
DA:379,0
DA:381,0
DA:382,0
DA:385,0
DA:394,0
DA:395,0
DA:398,0
DA:399,0
DA:422,0
DA:423,0
DA:428,1
DA:429,0
DA:430,0
DA:431,0
DA:433,0
DA:435,0
DA:442,0
DA:448,0
DA:449,0
DA:453,1
DA:454,0
DA:455,0
DA:456,0
DA:457,0
DA:458,0
DA:460,0
DA:462,0
DA:463,0
DA:467,0
DA:468,0
DA:476,0
DA:485,0
DA:493,0
DA:501,0
DA:502,0
DA:513,0
DA:514,0
DA:518,1
DA:519,0
DA:520,0
DA:521,0
DA:522,0
DA:523,0
DA:525,0
DA:527,0
DA:528,0
DA:532,0
DA:538,0
DA:539,0
DA:547,0
DA:556,0
DA:565,0
DA:573,0
DA:574,0
DA:587,0
DA:588,0
DA:593,1
DA:594,0
DA:595,0
DA:596,0
DA:598,0
DA:600,0
DA:601,0
DA:604,0
DA:606,0
DA:611,0
DA:616,0
DA:617,0
DA:621,1
DA:622,0
DA:623,0
DA:624,0
DA:626,0
DA:628,0
DA:629,0
DA:632,0
DA:634,0
DA:639,0
DA:644,0
DA:645,0
DA:649,1
DA:650,0
DA:651,0
DA:652,0
DA:654,0
DA:655,0
DA:656,0
DA:658,0
DA:659,0
DA:662,0
DA:664,0
DA:669,0
DA:674,0
DA:675,0
DA:680,1
DA:681,0
DA:706,1
DA:707,0
DA:708,0
DA:710,0
DA:712,0
DA:716,0
DA:720,0
DA:724,0
DA:728,0
DA:732,0
DA:741,0
DA:742,0
DA:743,0
DA:744,0
DA:745,0
DA:746,0
DA:748,0
DA:750,0
DA:757,0
DA:764,0
DA:774,0
DA:775,0
DA:776,0
DA:778,0
DA:780,0
DA:787,0
DA:794,0
DA:795,0
DA:798,0
DA:799,0
DA:802,0
DA:803,0
DA:808,1
DA:809,0
DA:810,0
DA:811,0
DA:813,0
DA:815,0
DA:826,0
DA:833,0
DA:835,0
DA:847,0
DA:854,0
DA:855,0
DA:858,0
DA:859,0
DA:868,1
DA:869,0
DA:870,0
DA:871,0
DA:873,0
DA:879,0
DA:880,0
DA:882,0
DA:883,0
DA:884,0
DA:885,0
DA:888,0
DA:889,0
DA:891,0
DA:892,0
DA:894,0
DA:905,0
DA:906,0
DA:910,1
DA:911,0
DA:912,0
DA:915,0
DA:918,0
DA:921,0
DA:927,0
DA:932,0
DA:934,0
DA:935,0
DA:938,0
DA:939,0
DA:941,0
DA:942,0
DA:944,0
DA:950,1
DA:951,0
DA:952,0
DA:953,0
DA:955,0
DA:961,0
DA:962,0
DA:964,0
DA:965,0
DA:966,0
DA:967,0
DA:970,0
DA:971,0
DA:973,0
DA:974,0
DA:976,0
DA:987,0
DA:988,0
DA:992,1
DA:993,0
DA:994,0
DA:997,0
DA:1000,0
DA:1003,0
DA:1009,0
DA:1014,0
DA:1016,0
DA:1017,0
DA:1020,0
DA:1021,0
DA:1023,0
DA:1024,0
DA:1026,0
DA:1032,1
DA:1033,0
DA:1034,0
DA:1035,0
DA:1036,0
DA:1038,0
DA:1039,0
DA:1043,0
DA:1048,0
DA:1049,0
DA:1053,0
DA:1058,0
DA:1059,0
DA:1062,0
DA:1064,0
DA:1066,0
DA:1071,0
DA:1072,0
DA:1075,0
DA:1078,0
DA:1079,0
DA:1080,0
DA:1085,0
DA:1092,0
DA:1097,0
DA:1098,0
DA:1099,0
DA:1101,0
DA:1102,0
DA:1105,0
DA:1106,0
DA:1111,1
DA:1112,0
DA:1113,0
DA:1114,0
DA:1116,0
DA:1118,0
DA:1120,0
DA:1125,0
DA:1126,0
DA:1129,0
DA:1132,0
DA:1138,0
DA:1143,0
DA:1144,0
DA:1145,0
DA:1147,0
DA:1148,0
DA:1151,0
DA:1152,0
DA:1157,1
DA:1158,0
DA:1159,0
DA:1161,0
DA:1167,0
DA:1168,0
DA:1169,0
DA:1171,0
DA:1172,0
DA:1176,1
DA:1177,0
DA:1178,0
DA:1179,0
DA:1181,0
DA:1182,0
DA:1186,0
DA:1191,0
DA:1192,0
DA:1195,0
DA:1200,0
DA:1206,0
DA:1207,0
DA:1209,0
DA:1210,0
DA:1211,0
DA:1213,0
DA:1219,1
DA:1220,0
DA:1221,0
DA:1222,0
DA:1223,0
DA:1225,0
DA:1226,0
DA:1230,0
DA:1235,0
DA:1236,0
DA:1239,0
DA:1245,0
DA:1253,0
DA:1254,0
DA:1257,0
DA:1258,0
DA:1260,0
DA:1261,0
DA:1266,1
DA:1267,0
DA:1268,0
DA:1269,0
DA:1271,0
DA:1276,0
DA:1277,0
DA:1280,0
DA:1281,0
DA:1283,0
DA:1284,0
DA:1290,1
DA:1291,0
DA:1292,0
DA:1294,0
DA:1300,0
DA:1301,0
DA:1302,0
DA:1304,0
DA:1305,0
DA:1309,1
DA:1310,0
DA:1311,0
DA:1313,0
DA:1319,0
DA:1320,0
DA:1321,0
DA:1323,0
DA:1324,0
DA:1328,1
DA:1329,0
DA:1330,0
DA:1331,0
DA:1333,0
DA:1334,0
DA:1338,0
DA:1340,0
DA:1345,0
DA:1346,0
DA:1347,0
DA:1349,0
DA:1350,0
DA:1351,0
DA:1353,0
DA:1359,1
DA:1360,0
DA:1361,0
DA:1362,0
DA:1363,0
DA:1365,0
DA:1366,0
DA:1370,0
DA:1372,0
DA:1378,0
DA:1380,0
DA:1381,0
DA:1384,0
DA:1385,0
DA:1387,0
DA:1388,0
DA:1393,1
DA:1394,0
DA:1395,0
DA:1396,0
DA:1398,0
DA:1403,0
DA:1404,0
DA:1407,0
DA:1408,0
DA:1410,0
DA:1411,0
DA:1421,0
DA:1424,0
DA:1426,0
DA:1428,0
DA:1429,0
DA:1430,0
DA:1431,0
DA:1433,0
DA:1435,0
DA:1437,0
DA:1438,0
DA:1439,0
DA:1441,0
DA:1443,0
DA:1446,0
DA:1458,1
DA:1459,0
DA:1460,0
DA:1462,0
DA:1493,0
DA:1494,0
DA:1497,0
DA:1499,0
DA:1500,0
DA:1501,0
DA:1503,0
DA:1507,0
DA:1508,0
DA:1509,0
DA:1510,0
DA:1515,0
DA:1517,0
DA:1518,0
DA:1523,1
DA:1524,0
DA:1525,0
DA:1526,0
DA:1529,0
DA:1530,0
DA:1531,0
DA:1532,0
DA:1535,0
DA:1536,0
DA:1543,0
DA:1544,0
DA:1549,0
DA:1550,0
DA:1557,0
DA:1563,0
DA:1564,0
DA:1571,0
DA:1572,0
DA:1579,0
DA:1581,0
DA:1582,0
DA:1584,0
DA:1592,0
DA:1593,0
DA:1599,0
DA:1600,0
DA:1608,0
DA:1619,0
DA:1620,0
DA:1621,0
DA:1628,0
DA:1634,0
DA:1637,0
DA:1638,0
DA:1644,0
DA:1645,0
DA:1650,0
DA:1651,0
DA:1656,1
DA:1657,0
DA:1658,0
DA:1659,0
DA:1660,0
DA:1663,0
DA:1664,0
DA:1665,0
DA:1666,0
DA:1669,0
DA:1670,0
DA:1674,0
DA:1675,0
DA:1680,0
DA:1681,0
DA:1688,0
DA:1694,0
DA:1695,0
DA:1699,0
DA:1700,0
DA:1707,0
DA:1709,0
DA:1710,0
DA:1712,0
DA:1720,0
DA:1721,0
DA:1727,0
DA:1728,0
DA:1733,0
DA:1744,0
DA:1745,0
DA:1746,0
DA:1752,0
DA:1761,0
DA:1764,0
DA:1765,0
DA:1771,0
DA:1772,0
DA:1775,0
DA:1776,0
DA:1778,0
DA:1779,0
DA:1784,1
DA:1785,0
DA:1786,0
DA:1787,0
DA:1789,0
DA:1810,0
DA:1812,0
DA:1813,0
DA:1814,0
DA:1817,0
DA:1819,0
DA:1822,0
DA:1823,0
DA:1825,0
DA:1826,0
DA:1827,0
DA:1828,0
DA:1830,0
DA:1831,0
DA:1832,0
DA:1833,0
DA:1839,0
DA:1840,0
DA:1841,0
DA:1842,0
DA:1843,0
DA:1847,0
DA:1851,0
DA:1853,0
DA:1854,0
DA:1855,0
DA:1856,0
DA:1859,0
DA:1860,0
DA:1861,0
DA:1863,0
DA:1867,0
DA:1868,0
DA:1869,0
DA:1870,0
DA:1872,0
DA:1873,0
DA:1875,0
DA:1876,0
DA:1879,0
DA:1880,0
DA:1890,0
DA:1901,0
DA:1902,0
DA:1907,1
DA:1908,0
DA:1909,0
DA:1910,0
DA:1912,0
DA:1933,0
DA:1935,0
DA:1936,0
DA:1937,0
DA:1940,0
DA:1942,0
DA:1946,0
DA:1947,0
DA:1949,0
DA:1950,0
DA:1951,0
DA:1952,0
DA:1954,0
DA:1958,0
DA:1959,0
DA:1960,0
DA:1961,0
DA:1962,0
DA:1966,0
DA:1970,0
DA:1972,0
DA:1973,0
DA:1974,0
DA:1975,0
DA:1978,0
DA:1979,0
DA:1982,0
DA:1983,0
DA:1984,0
DA:1987,0
DA:1988,0
DA:1989,0
DA:1990,0
DA:1991,0
DA:1993,0
DA:1997,0
DA:1998,0
DA:2001,0
DA:2011,0
DA:2012,0
DA:2023,0
DA:2024,0
DA:2026,0
DA:2027,0
DA:2031,0
DA:2042,0
DA:2043,0
DA:2048,1
DA:2049,0
DA:2050,0
DA:2051,0
DA:2053,0
DA:2058,0
DA:2059,0
DA:2062,0
DA:2063,0
DA:2065,0
DA:2066,0
DA:2071,1
DA:2072,0
DA:2073,0
DA:2074,0
DA:2077,0
DA:2082,0
DA:2083,0
DA:2086,0
DA:2087,0
DA:2090,0
DA:2112,0
DA:2113,0
DA:2115,0
DA:2116,0
DA:2121,1
DA:2122,0
DA:2123,0
DA:2124,0
DA:2126,0
DA:2127,0
DA:2130,0
DA:2133,0
DA:2138,0
DA:2139,0
DA:2142,0
DA:2145,0
DA:2167,0
DA:2168,0
DA:2170,0
DA:2171,0
DA:2176,1
DA:2177,0
DA:2178,0
DA:2180,0
DA:2181,0
DA:2184,0
DA:2185,0
DA:2186,0
DA:2189,0
DA:2194,0
DA:2195,0
DA:2198,0
DA:2201,0
DA:2204,0
DA:2205,0
DA:2206,0
DA:2208,0
DA:2209,0
DA:2212,0
DA:2213,0
DA:2214,0
DA:2215,0
DA:2220,0
DA:2223,0
DA:2228,0
DA:2229,0
DA:2230,0
DA:2231,0
DA:2234,0
DA:2239,0
DA:2241,0
DA:2244,0
DA:2249,0
DA:2254,0
DA:2256,0
DA:2257,0
DA:2262,0
DA:2264,0
DA:2268,0
DA:2271,0
DA:2277,0
DA:2281,0
DA:2282,0
DA:2290,0
DA:2291,0
DA:2303,1
DA:2304,0
DA:2305,0
DA:2307,0
DA:2308,0
DA:2314,0
DA:2317,0
DA:2318,0
DA:2321,0
DA:2322,0
DA:2336,0
DA:2339,0
DA:2341,0
DA:2343,0
DA:2345,0
DA:2351,0
DA:2352,0
DA:2360,1
DA:2361,0
DA:2362,0
DA:2364,0
DA:2365,0
DA:2371,0
DA:2374,0
DA:2376,0
DA:2378,0
DA:2380,0
DA:2392,0
DA:2393,0
DA:2406,1
DA:2407,0
DA:2408,0
DA:2411,0
DA:2438,0
DA:2465,0
DA:2480,0
DA:2494,0
DA:2495,0
DA:2496,0
DA:2497,0
DA:2499,0
DA:2507,0
DA:2508,0
DA:2510,0
DA:2511,0
DA:2516,1
DA:2517,0
DA:2518,0
DA:2520,0
DA:2550,0
DA:2551,0
DA:2552,0
DA:2554,0
DA:2555,0
DA:2560,1
DA:2561,0
DA:2562,0
DA:2564,0
DA:2580,0
DA:2581,0
DA:2582,0
DA:2584,0
DA:2585,0
DA:2590,1
DA:2591,0
DA:2592,0
DA:2593,0
DA:2595,0
DA:2596,0
DA:2599,0
DA:2624,0
DA:2626,0
DA:2627,0
DA:2628,0
DA:2631,0
DA:2633,0
DA:2634,0
DA:2635,0
DA:2637,0
DA:2638,0
DA:2644,1
DA:2645,0
DA:2646,0
DA:2647,0
DA:2649,0
DA:2650,0
DA:2653,0
DA:2673,0
DA:2675,0
DA:2676,0
DA:2677,0
DA:2680,0
DA:2682,0
DA:2683,0
DA:2684,0
DA:2686,0
DA:2687,0
DA:2694,1
DA:2695,0
DA:2696,0
DA:2697,0
DA:2698,0
DA:2701,0
DA:2722,0
DA:2723,0
DA:2724,0
DA:2725,0
DA:2727,0
DA:2729,0
DA:2730,0
DA:2732,0
DA:2733,0
DA:2738,1
DA:2739,0
DA:2740,0
DA:2741,0
DA:2742,0
DA:2745,0
DA:2765,0
DA:2766,0
DA:2767,0
DA:2768,0
DA:2770,0
DA:2772,0
DA:2774,0
DA:2775,0
DA:2777,0
DA:2791,0
DA:2792,0
DA:2793,0
DA:2794,0
DA:2795,0
DA:2798,0
DA:2799,0
DA:2814,0
DA:2815,0
DA:2816,0
DA:2817,0
DA:2818,0
DA:2819,0
DA:2820,0
DA:2821,0
DA:2824,0
DA:2826,0
DA:2827,0
DA:2828,0
DA:2829,0
DA:2832,0
DA:2833,0
DA:2834,0
DA:2835,0
DA:2837,0
DA:2838,0
DA:2843,1
DA:2844,0
DA:2845,0
DA:2846,0
DA:2847,0
DA:2849,0
DA:2867,0
DA:2868,0
DA:2869,0
DA:2870,0
DA:2872,0
DA:2873,0
DA:2877,1
DA:2878,0
DA:2879,0
DA:2880,0
DA:2881,0
DA:2883,0
DA:2900,0
DA:2901,0
DA:2902,0
DA:2904,0
DA:2905,0
DA:2906,0
DA:2916,0
DA:2917,0
DA:2918,0
DA:2919,0
DA:2920,0
DA:2922,0
DA:2923,0
DA:2925,0
DA:2926,0
DA:2927,0
DA:2928,0
DA:2929,0
DA:2930,0
DA:2931,0
DA:2932,0
DA:2935,0
DA:2936,0
DA:2937,0
DA:2938,0
DA:2939,0
DA:2941,0
DA:2942,0
DA:2943,0
DA:2944,0
DA:2946,0
DA:2947,0
DA:2953,1
DA:2954,0
DA:2955,0
DA:2956,0
DA:2965,0
DA:2967,0
DA:2968,0
DA:2972,1
DA:2973,0
DA:2974,0
DA:2975,0
DA:2976,0
DA:2977,0
DA:2979,0
DA:3001,0
DA:3002,0
DA:3003,0
DA:3004,0
DA:3006,0
DA:3007,0
DA:3008,0
DA:3010,0
DA:3011,0
DA:3015,1
DA:3016,0
DA:3017,0
DA:3018,0
DA:3019,0
DA:3020,0
DA:3022,0
DA:3043,0
DA:3044,0
DA:3045,0
DA:3046,0
DA:3048,0
DA:3049,0
DA:3051,0
DA:3052,0
DA:3053,0
DA:3065,0
DA:3066,0
DA:3067,0
DA:3068,0
DA:3069,0
DA:3071,0
DA:3072,0
DA:3074,0
DA:3075,0
DA:3076,0
DA:3077,0
DA:3078,0
DA:3079,0
DA:3080,0
DA:3081,0
DA:3084,0
DA:3085,0
DA:3086,0
DA:3087,0
DA:3088,0
DA:3090,0
DA:3091,0
DA:3092,0
DA:3093,0
DA:3095,0
DA:3096,0
DA:3104,1
DA:3105,0
DA:3106,0
DA:3107,0
DA:3109,0
DA:3140,0
DA:3142,0
DA:3143,0
DA:3144,0
DA:3147,0
DA:3148,0
DA:3149,0
DA:3152,0
DA:3153,0
DA:3154,0
DA:3157,0
DA:3159,0
DA:3160,0
DA:3161,0
DA:3163,0
DA:3164,0
DA:3175,1
DA:3176,0
DA:3177,0
DA:3179,0
DA:3190,0
DA:3191,0
DA:3192,0
DA:3194,0
DA:3195,0
DA:3200,1
DA:3201,0
DA:3202,0
DA:3204,0
DA:3210,0
DA:3211,0
DA:3212,0
DA:3214,0
DA:3215,0
DA:3224,1
DA:3225,0
DA:3226,0
DA:3227,0
DA:3229,0
DA:3230,0
DA:3238,0
DA:3239,0
DA:3240,0
DA:3248,0
DA:3251,0
DA:3253,0
DA:3254,0
DA:3257,0
DA:3258,0
DA:3263,1
DA:3264,0
DA:3265,0
DA:3268,0
DA:3274,0
DA:3275,0
DA:3279,0
DA:3284,0
DA:3285,0
DA:3289,0
DA:3295,0
DA:3296,0
DA:3299,0
DA:3300,0
DA:3305,1
DA:3306,0
DA:3307,0
DA:3309,0
DA:3321,0
DA:3322,0
DA:3325,0
DA:3326,0
DA:3327,0
DA:3328,0
DA:3329,0
DA:3330,0
DA:3334,0
DA:3335,0
DA:3336,0
DA:3338,0
DA:3339,0
DA:3340,0
DA:3343,0
DA:3344,0
DA:3347,0
DA:3348,0
DA:3350,0
DA:3352,0
DA:3353,0
DA:3356,0
DA:3357,0
DA:3366,1
DA:3367,0
DA:3368,0
DA:3370,0
DA:3384,0
DA:3385,0
DA:3387,0
DA:3388,0
DA:3389,0
DA:3391,0
DA:3392,0
DA:3393,0
DA:3396,0
DA:3397,0
DA:3400,0
DA:3402,0
DA:3405,0
DA:3406,0
DA:3409,0
DA:3424,0
DA:3425,0
DA:3441,0
DA:3442,0
DA:3449,0
DA:3450,0
DA:3453,0
DA:3454,0
DA:3456,0
DA:3459,0
DA:3460,0
DA:3469,1
DA:3470,0
DA:3471,0
DA:3473,0
DA:3474,0
DA:3477,0
DA:3478,0
DA:3510,0
DA:3511,0
DA:3513,0
DA:3514,0
DA:3519,1
DA:3520,0
DA:3521,0
DA:3523,0
DA:3524,0
DA:3527,0
DA:3528,0
DA:3549,0
DA:3550,0
DA:3552,0
DA:3553,0
DA:3558,1
DA:3559,0
DA:3560,0
DA:3561,0
DA:3562,0
DA:3564,0
DA:3565,0
DA:3569,0
DA:3578,0
DA:3579,0
DA:3583,0
DA:3588,0
DA:3589,0
DA:3592,0
DA:3593,0
DA:3598,1
DA:3599,0
DA:3600,0
DA:3601,0
DA:3603,0
DA:3604,0
DA:3608,0
DA:3637,0
DA:3639,0
DA:3642,0
DA:3643,0
DA:3646,0
DA:3648,0
DA:3649,0
DA:3654,1
DA:3655,0
DA:3656,0
DA:3657,0
DA:3659,0
DA:3660,0
DA:3665,1
DA:3666,0
DA:3667,0
DA:3668,0
DA:3670,0
DA:3671,0
DA:3675,0
DA:3681,0
DA:3682,0
DA:3684,0
DA:3685,0
DA:3694,1
DA:3695,0
DA:3696,0
DA:3697,0
DA:3699,0
DA:3729,0
DA:3732,0
DA:3734,0
DA:3735,0
DA:3736,0
DA:3737,0
DA:3738,0
DA:3739,0
DA:3742,0
DA:3750,0
DA:3751,0
DA:3756,1
DA:3757,0
DA:3758,0
DA:3759,0
DA:3760,0
DA:3763,0
DA:3764,0
DA:3765,0
DA:3769,0
DA:3780,0
DA:3789,0
DA:3790,0
DA:3793,0
DA:3794,0
DA:3799,1
DA:3800,0
DA:3801,0
DA:3802,0
DA:3804,0
DA:3821,0
DA:3823,0
DA:3824,0
DA:3825,0
DA:3828,0
DA:3830,0
DA:3832,0
DA:3842,0
DA:3843,0
DA:3852,1
DA:3853,0
DA:3854,0
DA:3855,0
DA:3857,0
DA:3858,0
DA:3859,0
DA:3861,0
DA:3862,0
DA:3863,0
DA:3864,0
DA:3867,0
DA:3868,0
DA:3870,0
DA:3871,0
DA:3873,0
DA:3884,0
DA:3885,0
DA:3890,1
DA:3891,0
DA:3892,0
DA:3893,0
DA:3896,0
DA:3897,0
DA:3901,0
DA:3906,0
DA:3907,0
DA:3911,0
DA:3916,0
DA:3917,0
DA:3924,0
DA:3925,0
DA:3930,1
DA:3931,0
DA:3932,0
DA:3933,0
DA:3934,0
DA:3937,0
DA:3938,0
DA:3942,0
DA:3947,0
DA:3948,0
DA:3952,0
DA:3957,0
DA:3958,0
DA:3961,0
DA:3962,0
DA:3967,1
DA:3968,0
DA:3969,0
DA:3970,0
DA:3973,0
DA:3978,0
DA:3979,0
DA:3985,0
DA:3990,0
DA:3991,0
DA:3994,0
DA:3995,0
DA:3998,0
DA:3999,0
DA:4004,1
DA:4005,0
DA:4006,0
DA:4008,0
DA:4013,0
DA:4014,0
DA:4017,0
DA:4020,0
DA:4021,0
DA:4030,1
DA:4031,0
DA:4032,0
DA:4033,0
DA:4036,0
DA:4051,0
DA:4052,0
DA:4057,0
DA:4058,0
DA:4059,0
DA:4065,0
DA:4068,0
DA:4074,0
DA:4075,0
DA:4080,1
DA:4081,0
DA:4082,0
DA:4083,0
DA:4086,0
DA:4087,0
DA:4091,0
DA:4092,0
DA:4093,0
DA:4096,0
DA:4097,0
DA:4098,0
DA:4106,0
DA:4107,0
DA:4108,0
DA:4109,0
DA:4112,0
DA:4113,0
DA:4114,0
DA:4121,0
DA:4124,0
DA:4125,0
DA:4126,0
DA:4132,0
DA:4133,0
DA:4137,0
DA:4138,0
DA:4141,0
DA:4148,0
DA:4149,0
DA:4153,0
DA:4157,0
DA:4160,0
DA:4161,0
DA:4167,0
DA:4168,0
DA:4174,0
DA:4182,1
DA:4183,0
DA:4184,0
DA:4185,0
DA:4188,0
DA:4195,0
DA:4196,0
DA:4199,0
DA:4200,0
DA:4203,0
DA:4228,0
DA:4240,0
DA:4241,0
DA:4244,0
DA:4245,0
DA:4254,1
DA:4255,0
DA:4256,0
DA:4258,0
DA:4268,0
DA:4269,0
DA:4272,0
DA:4273,0
DA:4275,0
DA:4293,0
DA:4294,0
DA:4299,1
DA:4300,0
DA:4301,0
DA:4302,0
DA:4305,0
DA:4306,0
DA:4307,0
DA:4309,0
DA:4312,0
DA:4317,0
DA:4318,0
DA:4321,0
DA:4324,0
DA:4346,0
DA:4348,0
DA:4351,0
DA:4352,0
DA:4357,1
DA:4358,0
DA:4359,0
DA:4360,0
DA:4362,0
DA:4365,0
DA:4366,0
DA:4367,0
DA:4374,0
DA:4375,0
DA:4376,0
DA:4382,0
DA:4383,0
DA:4384,0
DA:4391,0
DA:4392,0
DA:4393,0
DA:4394,0
DA:4401,0
DA:4402,0
DA:4404,0
DA:4407,0
DA:4408,0
DA:4413,0
DA:4414,0
DA:4415,0
DA:4421,0
DA:4422,0
DA:4425,0
DA:4426,0
DA:4450,0
DA:4452,0
DA:4458,0
DA:4459,0
DA:4460,0
DA:4466,0
DA:4477,1
DA:4478,0
DA:4480,0
DA:4481,0
DA:4484,0
DA:4486,0
DA:4493,0
DA:4496,0
DA:4497,0
DA:4500,0
DA:4510,0
DA:4511,0
DA:4512,0
DA:4515,0
DA:4516,0
DA:4518,0
DA:4526,0
DA:4533,0
DA:4535,0
DA:4536,0
DA:4540,0
DA:4543,0
DA:4547,0
DA:4548,0
DA:4552,0
DA:4554,0
DA:4559,0
DA:4561,0
DA:4565,0
DA:4568,0
DA:4572,0
DA:4577,0
DA:4578,0
DA:4580,0
DA:4586,0
DA:4587,0
DA:4590,0
DA:4597,0
DA:4602,1
DA:4603,0
DA:4604,0
DA:4605,0
DA:4608,0
DA:4613,0
DA:4614,0
DA:4617,0
DA:4620,0
DA:4624,0
DA:4627,0
DA:4659,0
DA:4660,0
DA:4661,0
DA:4662,0
DA:4663,0
DA:4670,0
DA:4671,0
DA:4679,0
DA:4680,0
DA:4681,0
DA:4682,0
DA:4683,0
DA:4684,0
DA:4685,0
DA:4690,0
DA:4691,0
DA:4692,0
DA:4697,0
DA:4698,0
DA:4699,0
DA:4706,0
DA:4707,0
DA:4715,0
DA:4733,0
DA:4734,0
DA:4737,0
DA:4738,0
DA:4739,0
DA:4740,0
DA:4744,0
DA:4747,0
DA:4748,0
DA:4757,1
DA:4758,0
DA:4759,0
DA:4761,0
DA:4780,0
DA:4781,0
DA:4782,0
DA:4784,0
DA:4785,0
DA:4790,1
DA:4791,0
DA:4792,0
DA:4793,0
DA:4795,0
DA:4796,0
DA:4800,0
DA:4805,0
DA:4806,0
DA:4810,0
DA:4813,0
DA:4815,0
DA:4817,0
DA:4823,0
DA:4824,0
DA:4829,0
DA:4830,0
DA:4831,0
DA:4833,0
DA:4834,0
DA:4837,0
DA:4838,0
DA:4843,1
DA:4844,0
DA:4845,0
DA:4846,0
DA:4847,0
DA:4849,0
DA:4850,0
DA:4854,0
DA:4859,0
DA:4860,0
DA:4863,0
DA:4865,0
DA:4867,0
DA:4872,0
DA:4873,0
DA:4876,0
DA:4879,0
DA:4880,0
DA:4881,0
DA:4886,0
DA:4893,0
DA:4898,0
DA:4899,0
DA:4900,0
DA:4902,0
DA:4903,0
DA:4906,0
DA:4907,0
DA:4912,1
DA:4913,0
DA:4914,0
DA:4915,0
DA:4917,0
DA:4919,0
DA:4921,0
DA:4926,0
DA:4927,0
DA:4930,0
DA:4933,0
DA:4939,0
DA:4944,0
DA:4945,0
DA:4946,0
DA:4948,0
DA:4949,0
DA:4952,0
DA:4953,0
DA:4960,1
DA:4961,0
DA:4962,0
DA:4964,0
DA:4972,0
DA:4973,0
DA:4974,0
DA:4976,0
DA:4977,0
DA:4982,1
DA:4983,0
DA:4984,0
DA:4985,0
DA:4987,0
DA:4988,0
DA:4992,0
DA:4997,0
DA:4998,0
DA:5001,0
DA:5006,0
DA:5011,0
DA:5012,0
DA:5014,0
DA:5015,0
DA:5016,0
DA:5018,0
DA:5024,1
DA:5025,0
DA:5026,0
DA:5027,0
DA:5028,0
DA:5030,0
DA:5031,0
DA:5035,0
DA:5040,0
DA:5041,0
DA:5044,0
DA:5051,0
DA:5056,0
DA:5057,0
DA:5060,0
DA:5061,0
DA:5063,0
DA:5064,0
DA:5069,1
DA:5070,0
DA:5071,0
DA:5072,0
DA:5074,0
DA:5079,0
DA:5080,0
DA:5083,0
DA:5084,0
DA:5086,0
DA:5087,0
DA:5092,1
DA:5093,0
DA:5094,0
DA:5096,0
DA:5117,0
DA:5118,0
DA:5119,0
DA:5121,0
DA:5122,0
DA:5127,1
DA:5128,0
DA:5129,0
DA:5130,0
DA:5132,0
DA:5133,0
DA:5137,0
DA:5142,0
DA:5143,0
DA:5147,0
DA:5152,0
DA:5153,0
DA:5157,0
DA:5160,0
DA:5162,0
DA:5164,0
DA:5170,0
DA:5175,0
DA:5176,0
DA:5177,0
DA:5179,0
DA:5180,0
DA:5183,0
DA:5184,0
DA:5189,1
DA:5190,0
DA:5191,0
DA:5192,0
DA:5193,0
DA:5195,0
DA:5196,0
DA:5200,0
DA:5205,0
DA:5206,0
DA:5210,0
DA:5215,0
DA:5216,0
DA:5219,0
DA:5221,0
DA:5223,0
DA:5228,0
DA:5229,0
DA:5232,0
DA:5235,0
DA:5236,0
DA:5237,0
DA:5242,0
DA:5249,0
DA:5254,0
DA:5255,0
DA:5256,0
DA:5258,0
DA:5259,0
DA:5262,0
DA:5263,0
DA:5268,1
DA:5269,0
DA:5270,0
DA:5271,0
DA:5273,0
DA:5275,0
DA:5277,0
DA:5282,0
DA:5283,0
DA:5286,0
DA:5289,0
DA:5295,0
DA:5300,0
DA:5301,0
DA:5302,0
DA:5304,0
DA:5305,0
DA:5308,0
DA:5309,0
DA:5316,1
DA:5317,0
DA:5318,0
DA:5320,0
DA:5329,0
DA:5330,0
DA:5331,0
DA:5333,0
DA:5334,0
DA:5339,1
DA:5340,0
DA:5341,0
DA:5342,0
DA:5344,0
DA:5345,0
DA:5349,0
DA:5354,0
DA:5355,0
DA:5358,0
DA:5363,0
DA:5368,0
DA:5369,0
DA:5371,0
DA:5372,0
DA:5373,0
DA:5375,0
DA:5381,1
DA:5382,0
DA:5383,0
DA:5384,0
DA:5385,0
DA:5387,0
DA:5388,0
DA:5392,0
DA:5397,0
DA:5398,0
DA:5401,0
DA:5408,0
DA:5413,0
DA:5414,0
DA:5417,0
DA:5418,0
DA:5420,0
DA:5421,0
DA:5426,1
DA:5427,0
DA:5428,0
DA:5429,0
DA:5431,0
DA:5436,0
DA:5437,0
DA:5440,0
DA:5441,0
DA:5443,0
DA:5444,0
DA:5449,1
DA:5450,0
DA:5451,0
DA:5454,0
DA:5455,0
DA:5456,0
DA:5457,0
DA:5460,0
DA:5480,0
DA:5483,0
DA:5492,0
DA:5493,0
DA:5495,0
DA:5500,0
DA:5513,0
DA:5518,0
DA:5519,0
DA:5521,0
DA:5522,0
DA:5527,1
DA:5528,0
DA:5529,0
DA:5532,0
DA:5533,0
DA:5534,0
DA:5535,0
DA:5538,0
DA:5539,0
DA:5546,0
DA:5556,0
DA:5642,0
DA:5643,0
DA:5645,0
DA:5646,0
DA:5651,1
DA:5652,0
DA:5653,0
DA:5656,0
DA:5659,0
DA:5662,0
DA:5665,0
DA:5673,0
DA:5674,0
DA:5675,0
DA:5678,0
DA:5682,0
DA:5687,0
DA:5689,0
DA:5692,0
DA:5722,0
DA:5723,0
DA:5725,0
DA:5726,0
DA:5731,1
DA:5737,1
DA:5738,0
DA:5739,0
DA:5740,0
DA:5743,0
DA:5748,0
DA:5749,0
DA:5752,0
DA:5755,0
DA:5762,0
DA:5763,0
DA:5765,0
DA:5766,0
DA:5776,1
DA:5777,0
DA:5778,0
DA:5779,0
DA:5781,0
DA:5810,0
DA:5811,0
DA:5812,0
DA:5814,0
DA:5815,0
DA:5820,1
DA:5821,0
DA:5822,0
DA:5823,0
DA:5824,0
DA:5827,0
DA:5828,0
DA:5831,0
DA:5832,0
DA:5836,0
DA:5841,0
DA:5842,0
DA:5846,0
DA:5853,0
DA:5854,0
DA:5859,0
DA:5860,0
DA:5865,1
DA:5866,0
DA:5867,0
DA:5868,0
DA:5869,0
DA:5872,0
DA:5873,0
DA:5880,0
DA:5881,0
DA:5888,0
DA:5889,0
DA:5896,0
DA:5902,0
DA:5905,0
DA:5918,0
DA:5920,0
DA:5926,0
DA:5927,0
DA:5935,1
DA:5936,0
DA:5937,0
DA:5938,0
DA:5940,0
DA:5943,0
DA:5944,0
DA:5951,0
DA:5956,0
DA:5957,0
DA:5964,0
DA:5985,0
DA:5987,0
DA:5993,0
DA:5994,0
DA:6002,1
DA:6003,0
DA:6004,0
DA:6005,0
DA:6007,0
DA:6037,0
DA:6038,0
DA:6039,0
DA:6041,0
DA:6042,0
DA:6047,1
DA:6048,0
DA:6049,0
DA:6050,0
DA:6051,0
DA:6053,0
DA:6056,0
DA:6057,0
DA:6061,0
DA:6068,0
DA:6069,0
DA:6072,0
DA:6073,0
DA:6078,0
DA:6079,0
DA:6095,1
DA:6096,0
DA:6097,0
DA:6098,0
DA:6104,0
DA:6108,1
DA:6109,0
DA:6117,1
DA:6118,0
DA:6119,0
DA:6121,0
DA:6130,1
DA:6131,0
DA:6134,0
DA:6135,0
DA:6139,0
DA:6147,1
DA:6148,0
DA:6161,1
DA:6163,1
DA:6164,0
DA:6165,0
DA:6168,0
DA:6171,0
DA:6172,0
DA:6173,0
DA:6174,0
DA:6175,0
DA:6178,0
DA:6179,0
DA:6184,1
DA:6187,1
DA:6188,0
DA:6189,0
DA:6190,0
DA:6191,0
LF:2054
LH:133
BRDA:22,0,0,0
BRDA:22,0,1,1
BRDA:37,1,0,0
BRDA:37,1,1,0
BRDA:61,2,0,0
BRDA:61,2,1,0
BRDA:61,2,2,0
BRDA:64,3,0,0
BRDA:64,3,1,0
BRDA:66,4,0,0
BRDA:66,4,1,0
BRDA:72,5,0,0
BRDA:72,5,1,0
BRDA:74,6,0,0
BRDA:74,6,1,0
BRDA:96,7,0,0
BRDA:96,7,1,0
BRDA:116,8,0,0
BRDA:116,8,1,0
BRDA:116,9,0,0
BRDA:116,9,1,0
BRDA:126,10,0,0
BRDA:126,10,1,0
BRDA:136,11,0,0
BRDA:136,11,1,0
BRDA:145,12,0,0
BRDA:145,12,1,0
BRDA:145,13,0,0
BRDA:145,13,1,0
BRDA:145,13,2,0
BRDA:156,14,0,0
BRDA:156,14,1,0
BRDA:172,15,0,0
BRDA:172,15,1,0
BRDA:172,16,0,0
BRDA:172,16,1,0
BRDA:182,17,0,0
BRDA:182,17,1,0
BRDA:205,18,0,0
BRDA:205,18,1,0
BRDA:205,19,0,0
BRDA:205,19,1,0
BRDA:266,20,0,0
BRDA:266,20,1,0
BRDA:299,21,0,0
BRDA:299,21,1,0
BRDA:332,22,0,0
BRDA:332,22,1,0
BRDA:345,23,0,0
BRDA:345,23,1,0
BRDA:355,24,0,0
BRDA:355,24,1,0
BRDA:360,25,0,0
BRDA:360,25,1,0
BRDA:360,25,2,0
BRDA:381,26,0,0
BRDA:381,26,1,0
BRDA:394,27,0,0
BRDA:394,27,1,0
BRDA:404,28,0,0
BRDA:404,28,1,0
BRDA:411,29,0,0
BRDA:411,29,1,0
BRDA:462,30,0,0
BRDA:462,30,1,0
BRDA:467,31,0,0
BRDA:467,31,1,0
BRDA:509,32,0,0
BRDA:509,32,1,0
BRDA:509,32,2,0
BRDA:527,33,0,0
BRDA:527,33,1,0
BRDA:538,34,0,0
BRDA:538,34,1,0
BRDA:561,35,0,0
BRDA:561,35,1,0
BRDA:600,36,0,0
BRDA:600,36,1,0
BRDA:600,37,0,0
BRDA:600,37,1,0
BRDA:628,38,0,0
BRDA:628,38,1,0
BRDA:628,39,0,0
BRDA:628,39,1,0
BRDA:658,40,0,0
BRDA:658,40,1,0
BRDA:658,41,0,0
BRDA:658,41,1,0
BRDA:710,42,0,0
BRDA:710,42,1,0
BRDA:746,43,0,0
BRDA:746,43,1,0
BRDA:748,44,0,0
BRDA:748,44,1,0
BRDA:776,45,0,0
BRDA:776,45,1,0
BRDA:778,46,0,0
BRDA:778,46,1,0
BRDA:810,47,0,0
BRDA:813,48,0,0
BRDA:813,48,1,0
BRDA:833,49,0,0
BRDA:833,49,1,0
BRDA:870,50,0,0
BRDA:870,51,0,0
BRDA:870,52,0,0
BRDA:882,53,0,0
BRDA:882,53,1,0
BRDA:892,54,0,0
BRDA:892,54,1,0
BRDA:929,55,0,0
BRDA:929,55,1,0
BRDA:941,56,0,0
BRDA:941,56,1,0
BRDA:952,57,0,0
BRDA:952,58,0,0
BRDA:952,59,0,0
BRDA:964,60,0,0
BRDA:964,60,1,0
BRDA:974,61,0,0
BRDA:974,61,1,0
BRDA:1023,62,0,0
BRDA:1023,62,1,0
BRDA:1038,63,0,0
BRDA:1038,63,1,0
BRDA:1038,64,0,0
BRDA:1038,64,1,0
BRDA:1038,64,2,0
BRDA:1038,64,3,0
BRDA:1048,65,0,0
BRDA:1048,65,1,0
BRDA:1058,66,0,0
BRDA:1058,66,1,0
BRDA:1071,67,0,0
BRDA:1071,67,1,0
BRDA:1078,68,0,0
BRDA:1078,68,1,0
BRDA:1082,69,0,0
BRDA:1082,69,1,0
BRDA:1082,70,0,0
BRDA:1082,70,1,0
BRDA:1087,71,0,0
BRDA:1087,71,1,0
BRDA:1087,72,0,0
BRDA:1087,72,1,0
BRDA:1094,73,0,0
BRDA:1094,73,1,0
BRDA:1094,74,0,0
BRDA:1094,74,1,0
BRDA:1094,75,0,0
BRDA:1094,75,1,0
BRDA:1094,76,0,0
BRDA:1094,76,1,0
BRDA:1125,77,0,0
BRDA:1125,77,1,0
BRDA:1181,78,0,0
BRDA:1181,78,1,0
BRDA:1181,79,0,0
BRDA:1181,79,1,0
BRDA:1191,80,0,0
BRDA:1191,80,1,0
BRDA:1203,81,0,0
BRDA:1203,81,1,0
BRDA:1204,82,0,0
BRDA:1204,82,1,0
BRDA:1210,83,0,0
BRDA:1210,83,1,0
BRDA:1225,84,0,0
BRDA:1225,84,1,0
BRDA:1225,85,0,0
BRDA:1225,85,1,0
BRDA:1235,86,0,0
BRDA:1235,86,1,0
BRDA:1248,87,0,0
BRDA:1248,87,1,0
BRDA:1249,88,0,0
BRDA:1249,88,1,0
BRDA:1253,89,0,0
BRDA:1253,89,1,0
BRDA:1276,90,0,0
BRDA:1276,90,1,0
BRDA:1333,91,0,0
BRDA:1333,91,1,0
BRDA:1350,92,0,0
BRDA:1350,92,1,0
BRDA:1365,93,0,0
BRDA:1365,93,1,0
BRDA:1380,94,0,0
BRDA:1380,94,1,0
BRDA:1403,95,0,0
BRDA:1403,95,1,0
BRDA:1426,96,0,0
BRDA:1426,96,1,0
BRDA:1426,97,0,0
BRDA:1426,97,1,0
BRDA:1426,97,2,0
BRDA:1430,98,0,0
BRDA:1430,98,1,0
BRDA:1430,99,0,0
BRDA:1430,99,1,0
BRDA:1435,100,0,0
BRDA:1435,100,1,0
BRDA:1438,101,0,0
BRDA:1438,101,1,0
BRDA:1438,102,0,0
BRDA:1438,102,1,0
BRDA:1500,103,0,0
BRDA:1500,103,1,0
BRDA:1508,104,0,0
BRDA:1508,104,1,0
BRDA:1510,105,0,0
BRDA:1510,105,1,0
BRDA:1535,106,0,0
BRDA:1535,106,1,0
BRDA:1535,107,0,0
BRDA:1535,107,1,0
BRDA:1535,107,2,0
BRDA:1535,107,3,0
BRDA:1535,107,4,0
BRDA:1535,107,5,0
BRDA:1543,108,0,0
BRDA:1543,108,1,0
BRDA:1549,109,0,0
BRDA:1549,109,1,0
BRDA:1563,110,0,0
BRDA:1563,110,1,0
BRDA:1579,111,0,0
BRDA:1579,111,1,0
BRDA:1582,112,0,0
BRDA:1582,112,1,0
BRDA:1592,113,0,0
BRDA:1592,113,1,0
BRDA:1599,114,0,0
BRDA:1599,114,1,0
BRDA:1619,115,0,0
BRDA:1619,115,1,0
BRDA:1631,116,0,0
BRDA:1631,116,1,0
BRDA:1669,117,0,0
BRDA:1669,117,1,0
BRDA:1669,118,0,0
BRDA:1669,118,1,0
BRDA:1669,118,2,0
BRDA:1669,118,3,0
BRDA:1669,118,4,0
BRDA:1669,118,5,0
BRDA:1674,119,0,0
BRDA:1674,119,1,0
BRDA:1680,120,0,0
BRDA:1680,120,1,0
BRDA:1694,121,0,0
BRDA:1694,121,1,0
BRDA:1707,122,0,0
BRDA:1707,122,1,0
BRDA:1710,123,0,0
BRDA:1710,123,1,0
BRDA:1720,124,0,0
BRDA:1720,124,1,0
BRDA:1727,125,0,0
BRDA:1727,125,1,0
BRDA:1744,126,0,0
BRDA:1744,126,1,0
BRDA:1756,127,0,0
BRDA:1756,127,1,0
BRDA:1771,128,0,0
BRDA:1771,128,1,0
BRDA:1812,129,0,0
BRDA:1812,129,1,0
BRDA:1812,130,0,0
BRDA:1812,130,1,0
BRDA:1826,131,0,0
BRDA:1826,131,1,0
BRDA:1832,132,0,0
BRDA:1832,132,1,0
BRDA:1832,133,0,0
BRDA:1832,133,1,0
BRDA:1840,134,0,0
BRDA:1840,134,1,0
BRDA:1854,135,0,0
BRDA:1854,135,1,0
BRDA:1863,136,0,0
BRDA:1863,136,1,0
BRDA:1872,137,0,0
BRDA:1872,137,1,0
BRDA:1875,138,0,0
BRDA:1875,138,1,0
BRDA:1935,139,0,0
BRDA:1935,139,1,0
BRDA:1935,140,0,0
BRDA:1935,140,1,0
BRDA:1950,141,0,0
BRDA:1950,141,1,0
BRDA:1959,142,0,0
BRDA:1959,142,1,0
BRDA:1973,143,0,0
BRDA:1973,143,1,0
BRDA:1978,144,0,0
BRDA:1978,144,1,0
BRDA:1982,145,0,0
BRDA:1982,145,1,0
BRDA:1990,146,0,0
BRDA:1990,146,1,0
BRDA:2024,147,0,0
BRDA:2024,147,1,0
BRDA:2058,148,0,0
BRDA:2058,148,1,0
BRDA:2082,149,0,0
BRDA:2082,149,1,0
BRDA:2126,150,0,0
BRDA:2126,150,1,0
BRDA:2138,151,0,0
BRDA:2138,151,1,0
BRDA:2180,152,0,0
BRDA:2180,152,1,0
BRDA:2180,153,0,0
BRDA:2180,153,1,0
BRDA:2180,153,2,0
BRDA:2194,154,0,0
BRDA:2194,154,1,0
BRDA:2209,155,0,0
BRDA:2209,155,1,0
BRDA:2213,156,0,0
BRDA:2213,156,1,0
BRDA:2228,157,0,0
BRDA:2228,157,1,0
BRDA:2262,158,0,0
BRDA:2262,158,1,0
BRDA:2307,159,0,0
BRDA:2307,159,1,0
BRDA:2307,160,0,0
BRDA:2307,160,1,0
BRDA:2321,161,0,0
BRDA:2321,161,1,0
BRDA:2364,162,0,0
BRDA:2364,162,1,0
BRDA:2364,163,0,0
BRDA:2364,163,1,0
BRDA:2364,163,2,0
BRDA:2500,164,0,0
BRDA:2500,164,1,0
BRDA:2501,165,0,0
BRDA:2501,165,1,0
BRDA:2502,166,0,0
BRDA:2502,166,1,0
BRDA:2503,167,0,0
BRDA:2503,167,1,0
BRDA:2595,168,0,0
BRDA:2595,168,1,0
BRDA:2595,169,0,0
BRDA:2595,169,1,0
BRDA:2626,170,0,0
BRDA:2626,170,1,0
BRDA:2626,171,0,0
BRDA:2626,171,1,0
BRDA:2649,172,0,0
BRDA:2649,172,1,0
BRDA:2649,173,0,0
BRDA:2649,173,1,0
BRDA:2675,174,0,0
BRDA:2675,174,1,0
BRDA:2675,175,0,0
BRDA:2675,175,1,0
BRDA:2697,176,0,0
BRDA:2697,176,1,0
BRDA:2697,177,0,0
BRDA:2697,177,1,0
BRDA:2723,178,0,0
BRDA:2723,178,1,0
BRDA:2723,179,0,0
BRDA:2723,179,1,0
BRDA:2741,180,0,0
BRDA:2741,180,1,0
BRDA:2741,181,0,0
BRDA:2741,181,1,0
BRDA:2766,182,0,0
BRDA:2766,182,1,0
BRDA:2766,183,0,0
BRDA:2766,183,1,0
BRDA:2802,184,0,0
BRDA:2802,184,1,0
BRDA:2804,185,0,0
BRDA:2804,185,1,0
BRDA:2805,186,0,0
BRDA:2805,186,1,0
BRDA:2806,187,0,0
BRDA:2806,187,1,0
BRDA:2807,188,0,0
BRDA:2807,188,1,0
BRDA:2808,189,0,0
BRDA:2808,189,1,0
BRDA:2809,190,0,0
BRDA:2809,190,1,0
BRDA:2818,191,0,0
BRDA:2818,191,1,0
BRDA:2828,192,0,0
BRDA:2828,192,1,0
BRDA:2846,193,0,0
BRDA:2846,193,1,0
BRDA:2846,194,0,0
BRDA:2846,194,1,0
BRDA:2880,195,0,0
BRDA:2880,195,1,0
BRDA:2880,196,0,0
BRDA:2880,196,1,0
BRDA:2923,197,0,0
BRDA:2923,197,1,0
BRDA:2923,198,0,0
BRDA:2923,198,1,0
BRDA:2923,199,0,0
BRDA:2923,199,1,0
BRDA:2923,200,0,0
BRDA:2923,200,1,0
BRDA:2923,201,0,0
BRDA:2923,201,1,0
BRDA:2923,202,0,0
BRDA:2923,202,1,0
BRDA:2929,203,0,0
BRDA:2929,203,1,0
BRDA:2938,204,0,0
BRDA:2938,204,1,0
BRDA:2976,205,0,0
BRDA:2976,205,1,0
BRDA:2976,206,0,0
BRDA:2976,206,1,0
BRDA:3002,207,0,0
BRDA:3002,207,1,0
BRDA:3002,208,0,0
BRDA:3002,208,1,0
BRDA:3019,209,0,0
BRDA:3019,209,1,0
BRDA:3019,210,0,0
BRDA:3019,210,1,0
BRDA:3044,211,0,0
BRDA:3044,211,1,0
BRDA:3044,212,0,0
BRDA:3044,212,1,0
BRDA:3072,213,0,0
BRDA:3072,213,1,0
BRDA:3072,214,0,0
BRDA:3072,214,1,0
BRDA:3072,215,0,0
BRDA:3072,215,1,0
BRDA:3072,216,0,0
BRDA:3072,216,1,0
BRDA:3072,217,0,0
BRDA:3072,217,1,0
BRDA:3072,218,0,0
BRDA:3072,218,1,0
BRDA:3072,219,0,0
BRDA:3072,219,1,0
BRDA:3078,220,0,0
BRDA:3078,220,1,0
BRDA:3087,221,0,0
BRDA:3087,221,1,0
BRDA:3142,222,0,0
BRDA:3142,222,1,0
BRDA:3142,223,0,0
BRDA:3142,223,1,0
BRDA:3147,224,0,0
BRDA:3147,224,1,0
BRDA:3147,225,0,0
BRDA:3147,225,1,0
BRDA:3152,226,0,0
BRDA:3152,226,1,0
BRDA:3152,227,0,0
BRDA:3152,227,1,0
BRDA:3229,228,0,0
BRDA:3229,228,1,0
BRDA:3239,229,0,0
BRDA:3239,229,1,0
BRDA:3274,230,0,0
BRDA:3274,230,1,0
BRDA:3284,231,0,0
BRDA:3284,231,1,0
BRDA:3307,232,0,0
BRDA:3325,233,0,0
BRDA:3325,233,1,0
BRDA:3328,234,0,0
BRDA:3328,234,1,0
BRDA:3334,235,0,0
BRDA:3334,235,1,0
BRDA:3338,236,0,0
BRDA:3338,236,1,0
BRDA:3343,237,0,0
BRDA:3343,237,1,0
BRDA:3387,238,0,0
BRDA:3387,238,1,0
BRDA:3391,239,0,0
BRDA:3391,239,1,0
BRDA:3396,240,0,0
BRDA:3396,240,1,0
BRDA:3435,241,0,0
BRDA:3435,241,1,0
BRDA:3473,242,0,0
BRDA:3473,242,1,0
BRDA:3523,243,0,0
BRDA:3523,243,1,0
BRDA:3564,244,0,0
BRDA:3564,244,1,0
BRDA:3578,245,0,0
BRDA:3578,245,1,0
BRDA:3603,246,0,0
BRDA:3603,246,1,0
BRDA:3642,247,0,0
BRDA:3642,247,1,0
BRDA:3670,248,0,0
BRDA:3670,248,1,0
BRDA:3696,249,0,0
BRDA:3764,250,0,0
BRDA:3764,250,1,0
BRDA:3785,251,0,0
BRDA:3785,251,1,0
BRDA:3821,252,0,0
BRDA:3821,252,1,0
BRDA:3821,253,0,0
BRDA:3821,253,1,0
BRDA:3823,254,0,0
BRDA:3823,254,1,0
BRDA:3836,255,0,0
BRDA:3836,255,1,0
BRDA:3837,256,0,0
BRDA:3837,256,1,0
BRDA:3854,257,0,0
BRDA:3854,258,0,0
BRDA:3854,259,0,0
BRDA:3861,260,0,0
BRDA:3861,260,1,0
BRDA:3896,261,0,0
BRDA:3896,261,1,0
BRDA:3896,262,0,0
BRDA:3896,262,1,0
BRDA:3906,263,0,0
BRDA:3906,263,1,0
BRDA:3913,264,0,0
BRDA:3913,264,1,0
BRDA:3913,265,0,0
BRDA:3913,265,1,0
BRDA:3937,266,0,0
BRDA:3937,266,1,0
BRDA:3937,267,0,0
BRDA:3937,267,1,0
BRDA:3947,268,0,0
BRDA:3947,268,1,0
BRDA:3978,269,0,0
BRDA:3978,269,1,0
BRDA:3990,270,0,0
BRDA:3990,270,1,0
BRDA:4013,271,0,0
BRDA:4013,271,1,0
BRDA:4054,272,0,0
BRDA:4054,272,1,0
BRDA:4057,273,0,0
BRDA:4057,273,1,0
BRDA:4086,274,0,0
BRDA:4086,274,1,0
BRDA:4086,275,0,0
BRDA:4086,275,1,0
BRDA:4108,276,0,0
BRDA:4108,276,1,0
BRDA:4108,277,0,0
BRDA:4108,277,1,0
BRDA:4108,277,2,0
BRDA:4113,278,0,0
BRDA:4113,278,1,0
BRDA:4125,279,0,0
BRDA:4125,279,1,0
BRDA:4137,280,0,0
BRDA:4137,280,1,0
BRDA:4153,281,0,0
BRDA:4153,281,1,0
BRDA:4160,282,0,0
BRDA:4160,282,1,0
BRDA:4167,283,0,0
BRDA:4167,283,1,0
BRDA:4167,284,0,0
BRDA:4167,284,1,0
BRDA:4176,285,0,0
BRDA:4176,285,1,0
BRDA:4188,286,0,0
BRDA:4188,286,1,0
BRDA:4195,287,0,0
BRDA:4195,287,1,0
BRDA:4268,288,0,0
BRDA:4268,288,1,0
BRDA:4317,289,0,0
BRDA:4317,289,1,0
BRDA:4365,290,0,0
BRDA:4365,290,1,0
BRDA:4374,291,0,0
BRDA:4374,291,1,0
BRDA:4374,292,0,0
BRDA:4374,292,1,0
BRDA:4382,293,0,0
BRDA:4382,293,1,0
BRDA:4392,294,0,0
BRDA:4392,294,1,0
BRDA:4413,295,0,0
BRDA:4413,295,1,0
BRDA:4469,296,0,0
BRDA:4469,296,1,0
BRDA:4484,297,0,0
BRDA:4484,297,1,0
BRDA:4510,298,0,0
BRDA:4510,298,1,0
BRDA:4516,299,0,0
BRDA:4516,299,1,0
BRDA:4533,300,0,0
BRDA:4533,300,1,0
BRDA:4559,301,0,0
BRDA:4559,301,1,0
BRDA:4613,302,0,0
BRDA:4613,302,1,0
BRDA:4662,303,0,0
BRDA:4662,303,1,0
BRDA:4670,304,0,0
BRDA:4670,304,1,0
BRDA:4681,305,0,0
BRDA:4681,305,1,0
BRDA:4683,306,0,0
BRDA:4683,306,1,0
BRDA:4687,307,0,0
BRDA:4687,307,1,0
BRDA:4690,308,0,0
BRDA:4690,308,1,0
BRDA:4694,309,0,0
BRDA:4694,309,1,0
BRDA:4697,310,0,0
BRDA:4697,310,1,0
BRDA:4701,311,0,0
BRDA:4701,311,1,0
BRDA:4709,312,0,0
BRDA:4709,312,1,0
BRDA:4737,313,0,0
BRDA:4737,313,1,0
BRDA:4737,314,0,0
BRDA:4737,314,1,0
BRDA:4739,315,0,0
BRDA:4739,315,1,0
BRDA:4739,316,0,0
BRDA:4739,316,1,0
BRDA:4795,317,0,0
BRDA:4795,317,1,0
BRDA:4795,318,0,0
BRDA:4795,318,1,0
BRDA:4795,318,2,0
BRDA:4805,319,0,0
BRDA:4805,319,1,0
BRDA:4849,320,0,0
BRDA:4849,320,1,0
BRDA:4849,321,0,0
BRDA:4849,321,1,0
BRDA:4859,322,0,0
BRDA:4859,322,1,0
BRDA:4872,323,0,0
BRDA:4872,323,1,0
BRDA:4879,324,0,0
BRDA:4879,324,1,0
BRDA:4926,325,0,0
BRDA:4926,325,1,0
BRDA:4987,326,0,0
BRDA:4987,326,1,0
BRDA:4987,327,0,0
BRDA:4987,327,1,0
BRDA:4987,327,2,0
BRDA:4997,328,0,0
BRDA:4997,328,1,0
BRDA:5007,329,0,0
BRDA:5007,329,1,0
BRDA:5007,330,0,0
BRDA:5007,330,1,0
BRDA:5008,331,0,0
BRDA:5008,331,1,0
BRDA:5008,332,0,0
BRDA:5008,332,1,0
BRDA:5008,333,0,0
BRDA:5008,333,1,0
BRDA:5015,334,0,0
BRDA:5015,334,1,0
BRDA:5030,335,0,0
BRDA:5030,335,1,0
BRDA:5030,336,0,0
BRDA:5030,336,1,0
BRDA:5030,336,2,0
BRDA:5040,337,0,0
BRDA:5040,337,1,0
BRDA:5052,338,0,0
BRDA:5052,338,1,0
BRDA:5052,339,0,0
BRDA:5052,339,1,0
BRDA:5053,340,0,0
BRDA:5053,340,1,0
BRDA:5053,341,0,0
BRDA:5053,341,1,0
BRDA:5053,342,0,0
BRDA:5053,342,1,0
BRDA:5056,343,0,0
BRDA:5056,343,1,0
BRDA:5079,344,0,0
BRDA:5079,344,1,0
BRDA:5132,345,0,0
BRDA:5132,345,1,0
BRDA:5132,346,0,0
BRDA:5132,346,1,0
BRDA:5132,346,2,0
BRDA:5132,346,3,0
BRDA:5132,346,4,0
BRDA:5132,346,5,0
BRDA:5142,347,0,0
BRDA:5142,347,1,0
BRDA:5152,348,0,0
BRDA:5152,348,1,0
BRDA:5166,349,0,0
BRDA:5166,349,1,0
BRDA:5166,350,0,0
BRDA:5166,350,1,0
BRDA:5172,351,0,0
BRDA:5172,351,1,0
BRDA:5172,352,0,0
BRDA:5172,352,1,0
BRDA:5172,353,0,0
BRDA:5172,353,1,0
BRDA:5172,354,0,0
BRDA:5172,354,1,0
BRDA:5195,355,0,0
BRDA:5195,355,1,0
BRDA:5195,356,0,0
BRDA:5195,356,1,0
BRDA:5195,356,2,0
BRDA:5195,356,3,0
BRDA:5195,356,4,0
BRDA:5205,357,0,0
BRDA:5205,357,1,0
BRDA:5215,358,0,0
BRDA:5215,358,1,0
BRDA:5228,359,0,0
BRDA:5228,359,1,0
BRDA:5235,360,0,0
BRDA:5235,360,1,0
BRDA:5239,361,0,0
BRDA:5239,361,1,0
BRDA:5239,362,0,0
BRDA:5239,362,1,0
BRDA:5244,363,0,0
BRDA:5244,363,1,0
BRDA:5244,364,0,0
BRDA:5244,364,1,0
BRDA:5251,365,0,0
BRDA:5251,365,1,0
BRDA:5251,366,0,0
BRDA:5251,366,1,0
BRDA:5251,367,0,0
BRDA:5251,367,1,0
BRDA:5251,368,0,0
BRDA:5251,368,1,0
BRDA:5282,369,0,0
BRDA:5282,369,1,0
BRDA:5344,370,0,0
BRDA:5344,370,1,0
BRDA:5344,371,0,0
BRDA:5344,371,1,0
BRDA:5344,371,2,0
BRDA:5344,371,3,0
BRDA:5354,372,0,0
BRDA:5354,372,1,0
BRDA:5365,373,0,0
BRDA:5365,373,1,0
BRDA:5365,374,0,0
BRDA:5365,374,1,0
BRDA:5365,375,0,0
BRDA:5365,375,1,0
BRDA:5372,376,0,0
BRDA:5372,376,1,0
BRDA:5387,377,0,0
BRDA:5387,377,1,0
BRDA:5387,378,0,0
BRDA:5387,378,1,0
BRDA:5387,378,2,0
BRDA:5387,378,3,0
BRDA:5397,379,0,0
BRDA:5397,379,1,0
BRDA:5410,380,0,0
BRDA:5410,380,1,0
BRDA:5410,381,0,0
BRDA:5410,381,1,0
BRDA:5410,382,0,0
BRDA:5410,382,1,0
BRDA:5413,383,0,0
BRDA:5413,383,1,0
BRDA:5436,384,0,0
BRDA:5436,384,1,0
BRDA:5495,385,0,0
BRDA:5495,385,1,0
BRDA:5656,386,0,0
BRDA:5656,386,1,0
BRDA:5683,387,0,0
BRDA:5683,387,1,0
BRDA:5684,388,0,0
BRDA:5684,388,1,0
BRDA:5710,389,0,0
BRDA:5710,389,1,0
BRDA:5711,390,0,0
BRDA:5711,390,1,0
BRDA:5748,391,0,0
BRDA:5748,391,1,0
BRDA:5827,392,0,0
BRDA:5827,392,1,0
BRDA:5827,393,0,0
BRDA:5827,393,1,0
BRDA:5827,393,2,0
BRDA:5827,393,3,0
BRDA:5827,393,4,0
BRDA:5831,394,0,0
BRDA:5831,394,1,0
BRDA:5841,395,0,0
BRDA:5841,395,1,0
BRDA:5872,396,0,0
BRDA:5872,396,1,0
BRDA:5880,397,0,0
BRDA:5880,397,1,0
BRDA:5880,398,0,0
BRDA:5880,398,1,0
BRDA:5880,398,2,0
BRDA:5880,398,3,0
BRDA:5888,399,0,0
BRDA:5888,399,1,0
BRDA:5888,400,0,0
BRDA:5888,400,1,0
BRDA:5888,400,2,0
BRDA:5888,400,3,0
BRDA:5914,401,0,0
BRDA:5914,401,1,0
BRDA:5943,402,0,0
BRDA:5943,402,1,0
BRDA:5943,403,0,0
BRDA:5943,403,1,0
BRDA:5956,404,0,0
BRDA:5956,404,1,0
BRDA:6051,405,0,0
BRDA:6051,405,1,0
BRDA:6051,405,2,0
BRDA:6056,406,0,0
BRDA:6056,406,1,0
BRDA:6056,407,0,0
BRDA:6056,407,1,0
BRDA:6065,408,0,0
BRDA:6065,408,1,0
BRDA:6068,409,0,0
BRDA:6068,409,1,0
BRDA:6074,410,0,0
BRDA:6074,410,1,0
BRDA:6096,411,0,0
BRDA:6096,411,1,0
BRDA:6134,412,0,0
BRDA:6134,412,1,0
BRDA:6142,413,0,0
BRDA:6142,413,1,0
BRDA:6164,414,0,0
BRDA:6164,414,1,0
BRF:858
BRH:1
end_of_record
TN:
SF:backend\config\app.js
FN:174,(anonymous_0)
FN:183,(anonymous_1)
FN:196,(anonymous_2)
FNF:3
FNH:0
FNDA:0,(anonymous_0)
FNDA:0,(anonymous_1)
FNDA:0,(anonymous_2)
DA:9,0
DA:14,0
DA:77,0
DA:94,0
DA:107,0
DA:120,0
DA:174,0
DA:175,0
DA:183,0
DA:185,0
DA:186,0
DA:187,0
DA:190,0
DA:196,0
DA:197,0
DA:206,0
DA:208,0
DA:221,0
DA:234,0
DA:241,0
LF:20
LH:0
BRDA:16,0,0,0
BRDA:16,0,1,0
BRDA:17,1,0,0
BRDA:17,1,1,0
BRDA:18,2,0,0
BRDA:18,2,1,0
BRDA:23,3,0,0
BRDA:23,3,1,0
BRDA:60,4,0,0
BRDA:60,4,1,0
BRDA:61,5,0,0
BRDA:61,5,1,0
BRDA:62,6,0,0
BRDA:62,6,1,0
BRDA:68,7,0,0
BRDA:68,7,1,0
BRDA:78,8,0,0
BRDA:78,8,1,0
BRDA:79,9,0,0
BRDA:79,9,1,0
BRDA:80,10,0,0
BRDA:80,10,1,0
BRDA:81,11,0,0
BRDA:81,11,1,0
BRDA:82,12,0,0
BRDA:82,12,1,0
BRDA:95,13,0,0
BRDA:95,13,1,0
BRDA:96,14,0,0
BRDA:96,14,1,0
BRDA:97,15,0,0
BRDA:97,15,1,0
BRDA:98,16,0,0
BRDA:98,16,1,0
BRDA:108,17,0,0
BRDA:108,17,1,0
BRDA:109,18,0,0
BRDA:109,18,1,0
BRDA:112,19,0,0
BRDA:112,19,1,0
BRDA:113,20,0,0
BRDA:113,20,1,0
BRDA:185,21,0,0
BRDA:185,21,1,0
BRDA:196,22,0,0
BRDA:206,23,0,0
BRDA:206,23,1,0
BRDA:206,23,2,0
BRF:48
BRH:0
end_of_record
TN:
SF:backend\config\database.js
FN:34,(anonymous_0)
FN:58,(anonymous_1)
FN:77,(anonymous_2)
FN:101,(anonymous_3)
FN:170,(anonymous_4)
FN:186,(anonymous_5)
FNF:6
FNH:0
FNDA:0,(anonymous_0)
FNDA:0,(anonymous_1)
FNDA:0,(anonymous_2)
FNDA:0,(anonymous_3)
FNDA:0,(anonymous_4)
FNDA:0,(anonymous_5)
DA:10,0
DA:15,0
DA:34,0
DA:35,0
DA:36,0
DA:45,0
DA:46,0
DA:48,0
DA:49,0
DA:58,0
DA:59,0
DA:60,0
DA:61,0
DA:62,0
DA:64,0
DA:65,0
DA:67,0
DA:68,0
DA:77,0
DA:78,0
DA:79,0
DA:80,0
DA:82,0
DA:91,0
DA:92,0
DA:101,0
DA:102,0
DA:103,0
DA:104,0
DA:105,0
DA:106,0
DA:108,0
DA:110,0
DA:116,0
DA:127,0
DA:149,0
DA:162,0
DA:171,0
DA:172,0
DA:173,0
DA:175,0
DA:176,0
DA:187,0
DA:188,0
DA:189,0
DA:190,0
DA:191,0
DA:192,0
DA:194,0
DA:195,0
DA:197,0
LF:51
LH:0
BRDA:16,0,0,0
BRDA:16,0,1,0
BRDA:17,1,0,0
BRDA:17,1,1,0
BRDA:18,2,0,0
BRDA:18,2,1,0
BRDA:19,3,0,0
BRDA:19,3,1,0
BRDA:20,4,0,0
BRDA:20,4,1,0
BRDA:83,5,0,0
BRDA:83,5,1,0
BRDA:84,6,0,0
BRDA:84,6,1,0
BRDA:170,7,0,0
BRF:15
BRH:0
end_of_record
TN:
SF:backend\config\sentry.js
FN:5,(anonymous_0)
FN:24,(anonymous_1)
FN:53,(anonymous_2)
FN:69,(anonymous_3)
FN:80,(anonymous_4)
FN:88,(anonymous_5)
FN:93,(anonymous_6)
FN:105,(anonymous_7)
FN:111,(anonymous_8)
FN:113,(anonymous_9)
FN:122,(anonymous_10)
FN:128,(anonymous_11)
FN:130,(anonymous_12)
FN:142,(anonymous_13)
FN:154,(anonymous_14)
FN:165,(anonymous_15)
FN:171,(anonymous_16)
FNF:17
FNH:0
FNDA:0,(anonymous_0)
FNDA:0,(anonymous_1)
FNDA:0,(anonymous_2)
FNDA:0,(anonymous_3)
FNDA:0,(anonymous_4)
FNDA:0,(anonymous_5)
FNDA:0,(anonymous_6)
FNDA:0,(anonymous_7)
FNDA:0,(anonymous_8)
FNDA:0,(anonymous_9)
FNDA:0,(anonymous_10)
FNDA:0,(anonymous_11)
FNDA:0,(anonymous_12)
FNDA:0,(anonymous_13)
FNDA:0,(anonymous_14)
FNDA:0,(anonymous_15)
FNDA:0,(anonymous_16)
DA:5,0
DA:7,0
DA:8,0
DA:9,0
DA:12,0
DA:26,0
DA:28,0
DA:29,0
DA:30,0
DA:34,0
DA:35,0
DA:36,0
DA:37,0
DA:38,0
DA:39,0
DA:45,0
DA:51,0
DA:55,0
DA:56,0
DA:57,0
DA:58,0
DA:61,0
DA:67,0
DA:70,0
DA:71,0
DA:73,0
DA:81,0
DA:82,0
DA:84,0
DA:89,0
DA:90,0
DA:92,0
DA:95,0
DA:96,0
DA:97,0
DA:98,0
DA:105,0
DA:106,0
DA:107,0
DA:108,0
DA:111,0
DA:113,0
DA:114,0
DA:118,0
DA:122,0
DA:123,0
DA:124,0
DA:125,0
DA:128,0
DA:130,0
DA:131,0
DA:135,0
DA:138,0
DA:142,0
DA:143,0
DA:145,0
DA:154,0
DA:155,0
DA:157,0
DA:165,0
DA:166,0
DA:168,0
DA:171,0
DA:172,0
DA:174,0
LF:65
LH:0
BRDA:7,0,0,0
BRDA:7,0,1,0
BRDA:14,1,0,0
BRDA:14,1,1,0
BRDA:15,2,0,0
BRDA:15,2,1,0
BRDA:26,3,0,0
BRDA:26,3,1,0
BRDA:28,4,0,0
BRDA:28,4,1,0
BRDA:34,5,0,0
BRDA:34,5,1,0
BRDA:36,6,0,0
BRDA:36,6,1,0
BRDA:37,7,0,0
BRDA:37,7,1,0
BRDA:38,8,0,0
BRDA:38,8,1,0
BRDA:39,9,0,0
BRDA:39,9,1,0
BRDA:48,10,0,0
BRDA:48,10,1,0
BRDA:55,11,0,0
BRDA:55,11,1,0
BRDA:56,12,0,0
BRDA:56,12,1,0
BRDA:70,13,0,0
BRDA:70,13,1,0
BRDA:81,14,0,0
BRDA:81,14,1,0
BRDA:89,15,0,0
BRDA:89,15,1,0
BRDA:95,16,0,0
BRDA:95,16,1,0
BRDA:96,17,0,0
BRDA:96,17,1,0
BRDA:97,18,0,0
BRDA:97,18,1,0
BRDA:105,19,0,0
BRDA:106,20,0,0
BRDA:106,20,1,0
BRDA:122,21,0,0
BRDA:122,22,0,0
BRDA:123,23,0,0
BRDA:123,23,1,0
BRDA:142,24,0,0
BRDA:142,25,0,0
BRDA:142,26,0,0
BRDA:143,27,0,0
BRDA:143,27,1,0
BRDA:155,28,0,0
BRDA:155,28,1,0
BRDA:166,29,0,0
BRDA:166,29,1,0
BRDA:172,30,0,0
BRDA:172,30,1,0
BRF:56
BRH:0
end_of_record
TN:
SF:backend\config\ssl.js
FN:66,(anonymous_0)
FN:95,(anonymous_1)
FN:152,(anonymous_2)
FN:181,(anonymous_3)
FNF:4
FNH:0
FNDA:0,(anonymous_0)
FNDA:0,(anonymous_1)
FNDA:0,(anonymous_2)
FNDA:0,(anonymous_3)
DA:10,0
DA:11,0
DA:17,0
DA:66,0
DA:67,0
DA:68,0
DA:71,0
DA:72,0
DA:75,0
DA:76,0
DA:79,0
DA:80,0
DA:84,0
DA:85,0
DA:87,0
DA:88,0
DA:95,0
DA:96,0
DA:98,0
DA:100,0
DA:101,0
DA:103,0
DA:104,0
DA:108,0
DA:109,0
DA:111,0
DA:112,0
DA:113,0
DA:117,0
DA:125,0
DA:128,0
DA:129,0
DA:130,0
DA:131,0
DA:138,0
DA:139,0
DA:145,0
DA:152,0
DA:153,0
DA:154,0
DA:155,0
DA:158,0
DA:159,0
DA:160,0
DA:161,0
DA:163,0
DA:171,0
DA:181,0
DA:182,0
DA:183,0
DA:184,0
DA:186,0
DA:191,0
DA:201,0
LF:54
LH:0
BRDA:22,0,0,0
BRDA:22,0,1,0
BRDA:23,1,0,0
BRDA:23,1,1,0
BRDA:24,2,0,0
BRDA:24,2,1,0
BRDA:71,3,0,0
BRDA:71,3,1,0
BRDA:96,4,0,0
BRDA:96,4,1,0
BRDA:98,5,0,0
BRDA:98,5,1,0
BRDA:100,6,0,0
BRDA:100,6,1,0
BRDA:103,7,0,0
BRDA:103,7,1,0
BRDA:109,8,0,0
BRDA:109,8,1,0
BRDA:112,9,0,0
BRDA:112,9,1,0
BRDA:120,10,0,0
BRDA:120,10,1,0
BRDA:128,11,0,0
BRDA:128,11,1,0
BRDA:128,12,0,0
BRDA:128,12,1,0
BRDA:130,13,0,0
BRDA:130,13,1,0
BRDA:138,14,0,0
BRDA:138,14,1,0
BRDA:138,15,0,0
BRDA:138,15,1,0
BRDA:165,16,0,0
BRDA:165,16,1,0
BRDA:166,17,0,0
BRDA:166,17,1,0
BRDA:167,18,0,0
BRDA:167,18,1,0
BRDA:168,19,0,0
BRDA:168,19,1,0
BRF:40
BRH:0
end_of_record
TN:
SF:backend\controllers\adminController.js
FN:16,(anonymous_0)
FN:30,(anonymous_1)
FN:50,(anonymous_2)
FN:64,(anonymous_3)
FN:84,(anonymous_4)
FN:104,(anonymous_5)
FN:125,(anonymous_6)
FN:144,(anonymous_7)
FN:164,(anonymous_8)
FNF:9
FNH:0
FNDA:0,(anonymous_0)
FNDA:0,(anonymous_1)
FNDA:0,(anonymous_2)
FNDA:0,(anonymous_3)
FNDA:0,(anonymous_4)
FNDA:0,(anonymous_5)
FNDA:0,(anonymous_6)
FNDA:0,(anonymous_7)
FNDA:0,(anonymous_8)
DA:16,0
DA:17,0
DA:19,0
DA:21,0
DA:30,0
DA:31,0
DA:32,0
DA:34,0
DA:41,0
DA:50,0
DA:53,0
DA:55,0
DA:64,0
DA:65,0
DA:69,0
DA:71,0
DA:72,0
DA:75,0
DA:84,0
DA:85,0
DA:89,0
DA:95,0
DA:104,0
DA:105,0
DA:106,0
DA:110,0
DA:116,0
DA:125,0
DA:126,0
DA:130,0
DA:135,0
DA:144,0
DA:147,0
DA:155,0
DA:164,0
DA:167,0
DA:178,0
LF:37
LH:0
BRDA:71,0,0,0
BRDA:71,0,1,0
BRF:2
BRH:0
end_of_record
TN:
SF:backend\controllers\attendanceController.js
FN:23,(anonymous_0)
FN:60,(anonymous_1)
FN:77,(anonymous_2)
FN:96,(anonymous_3)
FN:115,(anonymous_4)
FN:133,(anonymous_5)
FN:165,(anonymous_6)
FN:194,(anonymous_7)
FNF:8
FNH:0
FNDA:0,(anonymous_0)
FNDA:0,(anonymous_1)
FNDA:0,(anonymous_2)
FNDA:0,(anonymous_3)
FNDA:0,(anonymous_4)
FNDA:0,(anonymous_5)
FNDA:0,(anonymous_6)
FNDA:0,(anonymous_7)
DA:23,0
DA:24,0
DA:25,0
DA:27,0
DA:28,0
DA:32,0
DA:38,0
DA:39,0
DA:42,0
DA:51,0
DA:60,0
DA:61,0
DA:62,0
DA:64,0
DA:66,0
DA:68,0
DA:77,0
DA:78,0
DA:79,0
DA:81,0
DA:82,0
DA:85,0
DA:87,0
DA:96,0
DA:97,0
DA:98,0
DA:100,0
DA:101,0
DA:104,0
DA:106,0
DA:115,0
DA:116,0
DA:118,0
DA:119,0
DA:122,0
DA:124,0
DA:133,0
DA:134,0
DA:135,0
DA:137,0
DA:138,0
DA:143,0
DA:156,0
DA:165,0
DA:166,0
DA:168,0
DA:172,0
DA:185,0
DA:194,0
DA:195,0
DA:197,0
DA:198,0
DA:203,0
DA:209,0
LF:54
LH:0
BRDA:27,0,0,0
BRDA:27,0,1,0
BRDA:38,1,0,0
BRDA:38,1,1,0
BRDA:64,2,0,0
BRDA:64,2,1,0
BRDA:81,3,0,0
BRDA:81,3,1,0
BRDA:81,4,0,0
BRDA:81,4,1,0
BRDA:100,5,0,0
BRDA:100,5,1,0
BRDA:100,6,0,0
BRDA:100,6,1,0
BRDA:118,7,0,0
BRDA:118,7,1,0
BRDA:118,8,0,0
BRDA:118,8,1,0
BRDA:137,9,0,0
BRDA:137,9,1,0
BRDA:137,10,0,0
BRDA:137,10,1,0
BRDA:168,11,0,0
BRDA:168,11,1,0
BRDA:197,12,0,0
BRDA:197,12,1,0
BRDA:197,13,0,0
BRDA:197,13,1,0
BRDA:205,14,0,0
BRDA:205,14,1,0
BRF:30
BRH:0
end_of_record
TN:
SF:backend\controllers\authController.js
FN:16,(anonymous_0)
FN:37,(anonymous_1)
FN:50,(anonymous_2)
FN:69,(anonymous_3)
FN:95,(anonymous_4)
FN:107,(anonymous_5)
FNF:6
FNH:0
FNDA:0,(anonymous_0)
FNDA:0,(anonymous_1)
FNDA:0,(anonymous_2)
FNDA:0,(anonymous_3)
FNDA:0,(anonymous_4)
FNDA:0,(anonymous_5)
DA:16,0
DA:17,0
DA:19,0
DA:22,0
DA:28,0
DA:37,0
DA:38,0
DA:40,0
DA:41,0
DA:50,0
DA:51,0
DA:52,0
DA:54,0
DA:55,0
DA:58,0
DA:60,0
DA:69,0
DA:70,0
DA:71,0
DA:73,0
DA:74,0
DA:77,0
DA:80,0
DA:86,0
DA:95,0
DA:96,0
DA:98,0
DA:107,0
DA:108,0
DA:110,0
DA:111,0
DA:116,0
DA:117,0
DA:118,0
DA:119,0
DA:121,0
DA:128,0
DA:130,0
LF:38
LH:0
BRDA:52,0,0,0
BRDA:52,0,1,0
BRDA:52,0,2,0
BRDA:54,1,0,0
BRDA:54,1,1,0
BRDA:71,2,0,0
BRDA:71,2,1,0
BRDA:71,2,2,0
BRDA:73,3,0,0
BRDA:73,3,1,0
BRDA:110,4,0,0
BRDA:110,4,1,0
BRDA:124,5,0,0
BRDA:124,5,1,0
BRDA:128,6,0,0
BRDA:128,6,1,0
BRDA:133,7,0,0
BRDA:133,7,1,0
BRF:18
BRH:0
end_of_record
TN:
SF:backend\controllers\reportController.js
FN:25,(anonymous_0)
FN:39,(anonymous_1)
FN:53,(anonymous_2)
FN:67,(anonymous_3)
FN:79,(anonymous_4)
FN:91,(anonymous_5)
FN:105,(anonymous_6)
FN:123,(anonymous_7)
FN:138,(anonymous_8)
FN:175,(anonymous_9)
FNF:10
FNH:0
FNDA:0,(anonymous_0)
FNDA:0,(anonymous_1)
FNDA:0,(anonymous_2)
FNDA:0,(anonymous_3)
FNDA:0,(anonymous_4)
FNDA:0,(anonymous_5)
FNDA:0,(anonymous_6)
FNDA:0,(anonymous_7)
FNDA:0,(anonymous_8)
FNDA:0,(anonymous_9)
DA:25,0
DA:26,0
DA:28,0
DA:30,0
DA:39,0
DA:40,0
DA:42,0
DA:44,0
DA:53,0
DA:54,0
DA:56,0
DA:58,0
DA:67,0
DA:68,0
DA:70,0
DA:79,0
DA:80,0
DA:82,0
DA:91,0
DA:92,0
DA:94,0
DA:96,0
DA:105,0
DA:106,0
DA:108,0
DA:109,0
DA:112,0
DA:114,0
DA:123,0
DA:124,0
DA:125,0
DA:127,0
DA:129,0
DA:138,0
DA:139,0
DA:166,0
DA:175,0
DA:176,0
DA:180,0
DA:190,0
LF:40
LH:0
BRDA:108,0,0,0
BRDA:108,0,1,0
BRDA:176,1,0,0
BRDA:176,2,0,0
BRF:4
BRH:0
end_of_record
TN:
SF:backend\controllers\scheduleController.js
FN:27,(anonymous_0)
FN:41,(anonymous_1)
FN:55,(anonymous_2)
FN:69,(anonymous_3)
FN:83,(anonymous_4)
FN:103,(anonymous_5)
FN:124,(anonymous_6)
FN:138,(anonymous_7)
FN:152,(anonymous_8)
FN:181,(anonymous_9)
FN:205,(anonymous_10)
FN:217,(anonymous_11)
FNF:12
FNH:0
FNDA:0,(anonymous_0)
FNDA:0,(anonymous_1)
FNDA:0,(anonymous_2)
FNDA:0,(anonymous_3)
FNDA:0,(anonymous_4)
FNDA:0,(anonymous_5)
FNDA:0,(anonymous_6)
FNDA:0,(anonymous_7)
FNDA:0,(anonymous_8)
FNDA:0,(anonymous_9)
FNDA:0,(anonymous_10)
FNDA:0,(anonymous_11)
DA:27,0
DA:28,0
DA:30,0
DA:32,0
DA:41,0
DA:42,0
DA:44,0
DA:46,0
DA:55,0
DA:56,0
DA:58,0
DA:60,0
DA:69,0
DA:70,0
DA:72,0
DA:74,0
DA:83,0
DA:84,0
DA:87,0
DA:88,0
DA:89,0
DA:92,0
DA:94,0
DA:103,0
DA:104,0
DA:105,0
DA:108,0
DA:109,0
DA:110,0
DA:113,0
DA:115,0
DA:124,0
DA:125,0
DA:127,0
DA:129,0
DA:138,0
DA:139,0
DA:141,0
DA:143,0
DA:152,0
DA:153,0
DA:155,0
DA:156,0
DA:161,0
DA:172,0
DA:181,0
DA:182,0
DA:186,0
DA:196,0
DA:205,0
DA:206,0
DA:208,0
DA:217,0
DA:220,0
DA:229,0
LF:55
LH:0
BRDA:88,0,0,0
BRDA:88,0,1,0
BRDA:109,1,0,0
BRDA:109,1,1,0
BRDA:155,2,0,0
BRDA:155,2,1,0
BRF:6
BRH:0
end_of_record
TN:
SF:backend\controllers\teacherController.js
FN:18,(anonymous_0)
FN:32,(anonymous_1)
FN:52,(anonymous_2)
FN:70,(anonymous_3)
FN:87,(anonymous_4)
FN:113,(anonymous_5)
FN:139,(anonymous_6)
FNF:7
FNH:0
FNDA:0,(anonymous_0)
FNDA:0,(anonymous_1)
FNDA:0,(anonymous_2)
FNDA:0,(anonymous_3)
FNDA:0,(anonymous_4)
FNDA:0,(anonymous_5)
FNDA:0,(anonymous_6)
DA:18,0
DA:19,0
DA:21,0
DA:23,0
DA:32,0
DA:33,0
DA:34,0
DA:36,0
DA:43,0
DA:52,0
DA:53,0
DA:55,0
DA:56,0
DA:59,0
DA:61,0
DA:70,0
DA:71,0
DA:72,0
DA:74,0
DA:76,0
DA:78,0
DA:87,0
DA:88,0
DA:89,0
DA:91,0
DA:92,0
DA:95,0
DA:104,0
DA:113,0
DA:114,0
DA:115,0
DA:117,0
DA:118,0
DA:123,0
DA:130,0
DA:139,0
DA:140,0
DA:144,0
DA:154,0
LF:39
LH:0
BRDA:55,0,0,0
BRDA:55,0,1,0
BRDA:74,1,0,0
BRDA:74,1,1,0
BRDA:91,2,0,0
BRDA:91,2,1,0
BRDA:117,3,0,0
BRDA:117,3,1,0
BRF:8
BRH:0
end_of_record
TN:
SF:backend\export\excelBuilder.js
FN:20,buildExcel
FN:35,(anonymous_1)
FN:70,(anonymous_2)
FN:143,(anonymous_3)
FN:166,(anonymous_4)
FN:168,(anonymous_5)
FN:210,(anonymous_6)
FNF:7
FNH:0
FNDA:0,buildExcel
FNDA:0,(anonymous_1)
FNDA:0,(anonymous_2)
FNDA:0,(anonymous_3)
FNDA:0,(anonymous_4)
FNDA:0,(anonymous_5)
FNDA:0,(anonymous_6)
DA:29,0
DA:31,0
DA:32,0
DA:35,0
DA:36,0
DA:39,0
DA:42,0
DA:43,0
DA:45,0
DA:48,0
DA:49,0
DA:52,0
DA:53,0
DA:54,0
DA:55,0
DA:59,0
DA:60,0
DA:61,0
DA:62,0
DA:63,0
DA:66,0
DA:70,0
DA:71,0
DA:72,0
DA:75,0
DA:77,0
DA:80,0
DA:83,0
DA:84,0
DA:85,0
DA:89,0
DA:90,0
DA:92,0
DA:93,0
DA:94,0
DA:95,0
DA:96,0
DA:97,0
DA:99,0
DA:100,0
DA:101,0
DA:102,0
DA:103,0
DA:104,0
DA:107,0
DA:111,0
DA:112,0
DA:113,0
DA:114,0
DA:115,0
DA:116,0
DA:119,0
DA:120,0
DA:121,0
DA:122,0
DA:123,0
DA:124,0
DA:125,0
DA:129,0
DA:130,0
DA:131,0
DA:132,0
DA:133,0
DA:134,0
DA:135,0
DA:139,0
DA:142,0
DA:143,0
DA:144,0
DA:145,0
DA:146,0
DA:147,0
DA:151,0
DA:156,0
DA:163,0
DA:166,0
DA:167,0
DA:168,0
DA:169,0
DA:170,0
DA:173,0
DA:174,0
DA:175,0
DA:176,0
DA:177,0
DA:178,0
DA:179,0
DA:180,0
DA:181,0
DA:185,0
DA:186,0
DA:190,0
DA:198,0
DA:199,0
DA:206,0
DA:210,0
DA:211,0
DA:212,0
DA:213,0
DA:215,0
DA:219,0
LF:101
LH:0
BRDA:25,0,0,0
BRDA:26,1,0,0
BRDA:27,2,0,0
BRDA:28,3,0,0
BRDA:36,4,0,0
BRDA:36,4,1,0
BRDA:42,5,0,0
BRDA:42,5,1,0
BRDA:43,6,0,0
BRDA:43,6,1,0
BRDA:43,7,0,0
BRDA:43,7,1,0
BRDA:43,7,2,0
BRDA:45,8,0,0
BRDA:45,8,1,0
BRDA:48,9,0,0
BRDA:48,9,1,0
BRDA:48,10,0,0
BRDA:48,10,1,0
BRDA:52,11,0,0
BRDA:52,11,1,0
BRDA:59,12,0,0
BRDA:59,12,1,0
BRDA:75,13,0,0
BRDA:75,13,1,0
BRDA:90,14,0,0
BRDA:90,14,1,0
BRDA:119,15,0,0
BRDA:119,15,1,0
BRDA:129,16,0,0
BRDA:129,16,1,0
BRDA:148,17,0,0
BRDA:148,17,1,0
BRDA:173,18,0,0
BRDA:173,18,1,0
BRDA:174,19,0,0
BRDA:174,19,1,0
BRDA:175,20,0,0
BRDA:175,20,1,0
BRDA:176,21,0,0
BRDA:176,21,1,0
BRDA:178,22,0,0
BRDA:178,22,1,0
BRDA:179,23,0,0
BRDA:179,23,1,0
BRDA:187,24,0,0
BRDA:187,24,1,0
BRDA:198,25,0,0
BRDA:198,25,1,0
BRDA:212,26,0,0
BRDA:212,26,1,0
BRF:51
BRH:0
end_of_record
TN:
SF:backend\export\schemas\analytics-dashboard.js
FNF:0
FNH:0
LF:0
LH:0
BRF:0
BRH:0
end_of_record
TN:
SF:backend\export\schemas\banding-absen.js
FNF:0
FNH:0
LF:0
LH:0
BRF:0
BRH:0
end_of_record
TN:
SF:backend\export\schemas\live-attendance.js
FNF:0
FNH:0
LF:0
LH:0
BRF:0
BRH:0
end_of_record
TN:
SF:backend\export\schemas\rekap-ketidakhadiran-guru.js
FNF:0
FNH:0
LF:0
LH:0
BRF:0
BRH:0
end_of_record
TN:
SF:backend\export\schemas\riwayat-izin.js
FNF:0
FNH:0
LF:0
LH:0
BRF:0
BRH:0
end_of_record
TN:
SF:backend\export\schemas\student-summary.js
FNF:0
FNH:0
DA:1,0
LF:1
LH:0
BRF:0
BRH:0
end_of_record
TN:
SF:backend\export\schemas\teacher-summary.js
FNF:0
FNH:0
DA:1,0
LF:1
LH:0
BRF:0
BRH:0
end_of_record
TN:
SF:backend\middleware\auth.js
FN:8,getJWTSecret
FN:17,(anonymous_1)
FN:27,(anonymous_2)
FN:40,(anonymous_3)
FN:41,(anonymous_4)
FN:43,(anonymous_5)
FN:59,(anonymous_6)
FN:65,(anonymous_7)
FN:71,(anonymous_8)
FNF:9
FNH:1
FNDA:0,getJWTSecret
FNDA:0,(anonymous_1)
FNDA:0,(anonymous_2)
FNDA:1,(anonymous_3)
FNDA:0,(anonymous_4)
FNDA:0,(anonymous_5)
FNDA:0,(anonymous_6)
FNDA:0,(anonymous_7)
FNDA:0,(anonymous_8)
DA:5,1
DA:9,0
DA:10,0
DA:11,0
DA:13,0
DA:17,1
DA:18,0
DA:19,0
DA:21,0
DA:22,0
DA:25,0
DA:26,0
DA:27,0
DA:28,0
DA:29,0
DA:31,0
DA:32,0
DA:35,0
DA:40,1
DA:41,1
DA:43,0
DA:44,0
DA:46,0
DA:48,0
DA:49,0
DA:50,0
DA:53,0
DA:54,0
DA:59,1
DA:60,0
DA:61,0
DA:65,1
DA:66,0
DA:67,0
DA:71,1
DA:72,0
DA:73,0
DA:74,0
DA:81,0
LF:39
LH:7
BRDA:5,0,0,1
BRDA:5,0,1,0
BRDA:10,1,0,0
BRDA:10,1,1,0
BRDA:19,2,0,0
BRDA:19,2,1,0
BRDA:21,3,0,0
BRDA:21,3,1,0
BRDA:28,4,0,0
BRDA:28,4,1,0
BRDA:48,5,0,0
BRDA:48,5,1,0
BRF:12
BRH:1
end_of_record
TN:
SF:backend\middleware\errorHandler.js
FN:24,(anonymous_0)
FN:83,(anonymous_1)
FN:98,(anonymous_2)
FN:99,(anonymous_3)
FN:108,(anonymous_4)
FN:109,(anonymous_5)
FN:125,(anonymous_6)
FN:126,(anonymous_7)
FN:142,(anonymous_8)
FN:143,(anonymous_9)
FN:157,(anonymous_10)
FN:158,(anonymous_11)
FN:172,(anonymous_12)
FN:185,(anonymous_13)
FN:195,(anonymous_14)
FN:204,(anonymous_15)
FN:213,(anonymous_16)
FN:222,(anonymous_17)
FN:231,(anonymous_18)
FNF:19
FNH:0
FNDA:0,(anonymous_0)
FNDA:0,(anonymous_1)
FNDA:0,(anonymous_2)
FNDA:0,(anonymous_3)
FNDA:0,(anonymous_4)
FNDA:0,(anonymous_5)
FNDA:0,(anonymous_6)
FNDA:0,(anonymous_7)
FNDA:0,(anonymous_8)
FNDA:0,(anonymous_9)
FNDA:0,(anonymous_10)
FNDA:0,(anonymous_11)
FNDA:0,(anonymous_12)
FNDA:0,(anonymous_13)
FNDA:0,(anonymous_14)
FNDA:0,(anonymous_15)
FNDA:0,(anonymous_16)
FNDA:0,(anonymous_17)
FNDA:0,(anonymous_18)
DA:24,0
DA:26,0
DA:32,0
DA:33,0
DA:36,0
DA:37,0
DA:40,0
DA:41,0
DA:44,0
DA:45,0
DA:48,0
DA:49,0
DA:58,0
DA:60,0
DA:69,0
DA:83,0
DA:84,0
DA:89,0
DA:98,0
DA:99,0
DA:100,0
DA:108,0
DA:109,0
DA:110,0
DA:111,0
DA:117,0
DA:125,0
DA:126,0
DA:127,0
DA:128,0
DA:134,0
DA:142,0
DA:143,0
DA:144,0
DA:149,0
DA:157,0
DA:158,0
DA:159,0
DA:164,0
DA:172,0
DA:173,0
DA:174,0
DA:175,0
DA:176,0
DA:178,0
DA:186,0
DA:187,0
DA:188,0
DA:189,0
DA:190,0
DA:196,0
DA:197,0
DA:198,0
DA:199,0
DA:205,0
DA:206,0
DA:207,0
DA:208,0
DA:214,0
DA:215,0
DA:216,0
DA:217,0
DA:223,0
DA:224,0
DA:225,0
DA:226,0
DA:232,0
DA:233,0
DA:234,0
DA:235,0
LF:70
LH:0
BRDA:32,0,0,0
BRDA:32,0,1,0
BRDA:32,1,0,0
BRDA:32,1,1,0
BRDA:36,2,0,0
BRDA:36,2,1,0
BRDA:36,3,0,0
BRDA:36,3,1,0
BRDA:40,4,0,0
BRDA:40,4,1,0
BRDA:40,5,0,0
BRDA:40,5,1,0
BRDA:44,6,0,0
BRDA:44,6,1,0
BRDA:44,7,0,0
BRDA:44,7,1,0
BRDA:48,8,0,0
BRDA:48,8,1,0
BRDA:51,9,0,0
BRDA:51,9,1,0
BRDA:52,10,0,0
BRDA:52,10,1,0
BRDA:61,11,0,0
BRDA:61,11,1,0
BRDA:64,12,0,0
BRDA:64,12,1,0
BRDA:73,13,0,0
BRDA:73,13,1,0
BRDA:185,14,0,0
BRDA:195,15,0,0
BRDA:204,16,0,0
BRDA:213,17,0,0
BRDA:222,18,0,0
BRDA:231,19,0,0
BRF:34
BRH:0
end_of_record
TN:
SF:backend\middleware\passwordPolicy.js
FN:36,(anonymous_0)
FN:173,(anonymous_1)
FN:181,(anonymous_2)
FN:198,(anonymous_3)
FN:229,(anonymous_4)
FN:237,(anonymous_5)
FN:245,(anonymous_6)
FN:274,(anonymous_7)
FN:294,(anonymous_8)
FN:335,(anonymous_9)
FN:385,(anonymous_10)
FN:404,(anonymous_11)
FNF:12
FNH:0
FNDA:0,(anonymous_0)
FNDA:0,(anonymous_1)
FNDA:0,(anonymous_2)
FNDA:0,(anonymous_3)
FNDA:0,(anonymous_4)
FNDA:0,(anonymous_5)
FNDA:0,(anonymous_6)
FNDA:0,(anonymous_7)
FNDA:0,(anonymous_8)
FNDA:0,(anonymous_9)
FNDA:0,(anonymous_10)
FNDA:0,(anonymous_11)
DA:12,0
DA:36,0
DA:37,0
DA:38,0
DA:41,0
DA:42,0
DA:45,0
DA:46,0
DA:50,0
DA:51,0
DA:54,0
DA:55,0
DA:58,0
DA:59,0
DA:62,0
DA:63,0
DA:64,0
DA:65,0
DA:68,0
DA:69,0
DA:70,0
DA:75,0
DA:76,0
DA:77,0
DA:82,0
DA:83,0
DA:84,0
DA:88,0
DA:94,0
DA:95,0
DA:96,0
DA:101,0
DA:108,0
DA:109,0
DA:113,0
DA:116,0
DA:117,0
DA:118,0
DA:121,0
DA:122,0
DA:123,0
DA:124,0
DA:125,0
DA:126,0
DA:129,0
DA:130,0
DA:131,0
DA:132,0
DA:133,0
DA:135,0
DA:136,0
DA:137,0
DA:139,0
DA:142,0
DA:143,0
DA:144,0
DA:145,0
DA:146,0
DA:149,0
DA:150,0
DA:151,0
DA:152,0
DA:153,0
DA:154,0
DA:156,0
DA:169,0
DA:174,0
DA:175,0
DA:176,0
DA:178,0
DA:182,0
DA:183,0
DA:184,0
DA:191,0
DA:198,0
DA:199,0
DA:201,0
DA:202,0
DA:205,0
DA:208,0
DA:211,0
DA:212,0
DA:223,0
DA:229,0
DA:230,0
DA:231,0
DA:237,0
DA:238,0
DA:245,0
DA:246,0
DA:248,0
DA:254,0
DA:255,0
DA:256,0
DA:257,0
DA:264,0
DA:266,0
DA:267,0
DA:274,0
DA:275,0
DA:276,0
DA:282,0
DA:287,0
DA:294,0
DA:295,0
DA:296,0
DA:301,0
DA:302,0
DA:305,0
DA:306,0
DA:307,0
DA:309,0
DA:311,0
DA:318,0
DA:319,0
DA:326,0
DA:335,0
DA:336,0
DA:337,0
DA:338,0
DA:341,0
DA:346,0
DA:347,0
DA:356,0
DA:361,0
DA:362,0
DA:363,0
DA:365,0
DA:366,0
DA:367,0
DA:375,0
DA:377,0
DA:378,0
DA:385,0
DA:386,0
DA:387,0
DA:392,0
DA:399,0
DA:404,0
LF:139
LH:0
BRDA:41,0,0,0
BRDA:41,0,1,0
BRDA:45,1,0,0
BRDA:45,1,1,0
BRDA:50,2,0,0
BRDA:50,2,1,0
BRDA:50,3,0,0
BRDA:50,3,1,0
BRDA:54,4,0,0
BRDA:54,4,1,0
BRDA:54,5,0,0
BRDA:54,5,1,0
BRDA:58,6,0,0
BRDA:58,6,1,0
BRDA:58,7,0,0
BRDA:58,7,1,0
BRDA:62,8,0,0
BRDA:62,8,1,0
BRDA:64,9,0,0
BRDA:64,9,1,0
BRDA:68,10,0,0
BRDA:68,10,1,0
BRDA:69,11,0,0
BRDA:69,11,1,0
BRDA:76,12,0,0
BRDA:76,12,1,0
BRDA:83,13,0,0
BRDA:83,13,1,0
BRDA:95,14,0,0
BRDA:95,14,1,0
BRDA:108,15,0,0
BRDA:108,15,1,0
BRDA:116,16,0,0
BRDA:116,16,1,0
BRDA:117,17,0,0
BRDA:117,17,1,0
BRDA:118,18,0,0
BRDA:118,18,1,0
BRDA:122,19,0,0
BRDA:122,19,1,0
BRDA:123,20,0,0
BRDA:123,20,1,0
BRDA:124,21,0,0
BRDA:124,21,1,0
BRDA:125,22,0,0
BRDA:125,22,1,0
BRDA:130,23,0,0
BRDA:130,23,1,0
BRDA:131,24,0,0
BRDA:131,24,1,0
BRDA:132,25,0,0
BRDA:132,25,1,0
BRDA:133,26,0,0
BRDA:133,26,1,0
BRDA:135,27,0,0
BRDA:135,27,1,0
BRDA:136,28,0,0
BRDA:136,28,1,0
BRDA:137,29,0,0
BRDA:137,29,1,0
BRDA:144,30,0,0
BRDA:144,30,1,0
BRDA:145,31,0,0
BRDA:145,31,1,0
BRDA:146,32,0,0
BRDA:146,32,1,0
BRDA:150,33,0,0
BRDA:150,33,1,0
BRDA:151,34,0,0
BRDA:151,34,1,0
BRDA:152,35,0,0
BRDA:152,35,1,0
BRDA:153,36,0,0
BRDA:153,36,1,0
BRDA:175,37,0,0
BRDA:175,37,1,0
BRDA:183,38,0,0
BRDA:183,38,1,0
BRDA:201,39,0,0
BRDA:201,39,1,0
BRDA:211,40,0,0
BRDA:211,40,1,0
BRDA:230,41,0,0
BRDA:230,41,1,0
BRDA:256,42,0,0
BRDA:256,42,1,0
BRDA:301,43,0,0
BRDA:301,43,1,0
BRDA:309,44,0,0
BRDA:309,44,1,0
BRDA:346,45,0,0
BRDA:346,45,1,0
BRDA:361,46,0,0
BRDA:361,46,1,0
BRDA:365,47,0,0
BRDA:365,47,1,0
BRDA:414,48,0,0
BRDA:414,48,1,0
BRF:98
BRH:0
end_of_record
TN:
SF:backend\middleware\performance.js
FN:21,(anonymous_0)
FN:34,(anonymous_1)
FN:114,(anonymous_2)
FN:163,(anonymous_3)
FN:204,(anonymous_4)
FN:228,(anonymous_5)
FN:234,(anonymous_6)
FN:238,(anonymous_7)
FN:242,(anonymous_8)
FN:247,(anonymous_9)
FN:250,(anonymous_10)
FN:258,(anonymous_11)
FN:263,(anonymous_12)
FN:280,(anonymous_13)
FN:291,(anonymous_14)
FN:293,(anonymous_15)
FN:311,(anonymous_16)
FNF:17
FNH:0
FNDA:0,(anonymous_0)
FNDA:0,(anonymous_1)
FNDA:0,(anonymous_2)
FNDA:0,(anonymous_3)
FNDA:0,(anonymous_4)
FNDA:0,(anonymous_5)
FNDA:0,(anonymous_6)
FNDA:0,(anonymous_7)
FNDA:0,(anonymous_8)
FNDA:0,(anonymous_9)
FNDA:0,(anonymous_10)
FNDA:0,(anonymous_11)
FNDA:0,(anonymous_12)
FNDA:0,(anonymous_13)
FNDA:0,(anonymous_14)
FNDA:0,(anonymous_15)
FNDA:0,(anonymous_16)
DA:7,0
DA:21,0
DA:22,0
DA:23,0
DA:26,0
DA:33,0
DA:34,0
DA:35,0
DA:36,0
DA:37,0
DA:40,0
DA:48,0
DA:64,0
DA:67,0
DA:68,0
DA:69,0
DA:73,0
DA:74,0
DA:83,0
DA:93,0
DA:107,0
DA:110,0
DA:114,0
DA:115,0
DA:117,0
DA:125,0
DA:128,0
DA:129,0
DA:130,0
DA:134,0
DA:135,0
DA:142,0
DA:150,0
DA:163,0
DA:164,0
DA:165,0
DA:168,0
DA:177,0
DA:178,0
DA:182,0
DA:183,0
DA:187,0
DA:188,0
DA:195,0
DA:204,0
DA:205,0
DA:206,0
DA:209,0
DA:216,0
DA:217,0
DA:221,0
DA:222,0
DA:223,0
DA:228,0
DA:229,0
DA:230,0
DA:233,0
DA:234,0
DA:237,0
DA:238,0
DA:241,0
DA:242,0
DA:246,0
DA:247,0
DA:249,0
DA:250,0
DA:253,0
DA:258,0
DA:263,0
DA:280,0
DA:282,0
DA:285,0
DA:287,0
DA:291,0
DA:293,0
DA:294,0
DA:295,0
DA:296,0
DA:302,0
DA:303,0
DA:311,0
DA:312,0
DA:313,0
DA:314,0
DA:317,0
DA:318,0
DA:321,0
DA:322,0
DA:323,0
DA:327,0
DA:328,0
DA:329,0
DA:333,0
DA:334,0
DA:335,0
DA:338,0
DA:352,0
DA:353,0
LF:98
LH:0
BRDA:67,0,0,0
BRDA:67,0,1,0
BRDA:73,1,0,0
BRDA:73,1,1,0
BRDA:96,2,0,0
BRDA:96,2,1,0
BRDA:121,3,0,0
BRDA:121,3,1,0
BRDA:128,4,0,0
BRDA:128,4,1,0
BRDA:134,5,0,0
BRDA:134,5,1,0
BRDA:138,6,0,0
BRDA:138,6,1,0
BRDA:145,7,0,0
BRDA:145,7,1,0
BRDA:153,8,0,0
BRDA:153,8,1,0
BRDA:157,9,0,0
BRDA:157,9,1,0
BRDA:177,10,0,0
BRDA:177,10,1,0
BRDA:182,11,0,0
BRDA:182,11,1,0
BRDA:187,12,0,0
BRDA:187,12,1,0
BRDA:216,13,0,0
BRDA:216,13,1,0
BRDA:222,14,0,0
BRDA:222,14,1,0
BRDA:237,15,0,0
BRDA:237,15,1,0
BRDA:241,16,0,0
BRDA:241,16,1,0
BRDA:249,17,0,0
BRDA:249,17,1,0
BRDA:321,18,0,0
BRDA:321,18,1,0
BRDA:327,19,0,0
BRDA:327,19,1,0
BRDA:333,20,0,0
BRDA:333,20,1,0
BRF:42
BRH:0
end_of_record
TN:
SF:backend\middleware\rateLimiting.js
FN:26,(anonymous_0)
FNF:1
FNH:0
FNDA:0,(anonymous_0)
DA:5,1
DA:17,1
DA:28,0
DA:33,1
LF:4
LH:3
BRDA:6,0,0,1
BRDA:6,0,1,0
BRDA:7,1,0,1
BRDA:7,1,1,0
BRF:4
BRH:2
end_of_record
TN:
SF:backend\middleware\requestLogger.js
FN:12,requestLogger
FN:13,(anonymous_1)
FN:29,(anonymous_2)
FN:74,errorLogger
FN:75,(anonymous_4)
FN:104,databaseLogger
FN:105,(anonymous_6)
FN:116,securityLogger
FN:117,(anonymous_8)
FN:121,(anonymous_9)
FN:152,performanceLogger
FN:153,(anonymous_11)
FN:156,(anonymous_12)
FN:175,businessLogger
FN:176,(anonymous_14)
FN:186,(anonymous_15)
FN:188,(anonymous_16)
FNF:17
FNH:0
FNDA:0,requestLogger
FNDA:0,(anonymous_1)
FNDA:0,(anonymous_2)
FNDA:0,errorLogger
FNDA:0,(anonymous_4)
FNDA:0,databaseLogger
FNDA:0,(anonymous_6)
FNDA:0,securityLogger
FNDA:0,(anonymous_8)
FNDA:0,(anonymous_9)
FNDA:0,performanceLogger
FNDA:0,(anonymous_11)
FNDA:0,(anonymous_12)
FNDA:0,businessLogger
FNDA:0,(anonymous_14)
FNDA:0,(anonymous_15)
FNDA:0,(anonymous_16)
DA:13,0
DA:14,0
DA:15,0
DA:18,0
DA:28,0
DA:29,0
DA:30,0
DA:31,0
DA:32,0
DA:35,0
DA:42,0
DA:43,0
DA:51,0
DA:52,0
DA:63,0
DA:66,0
DA:75,0
DA:76,0
DA:78,0
DA:88,0
DA:89,0
DA:96,0
DA:105,0
DA:108,0
DA:117,0
DA:119,0
DA:120,0
DA:121,0
DA:122,0
DA:123,0
DA:124,0
DA:125,0
DA:127,0
DA:135,0
DA:140,0
DA:141,0
DA:144,0
DA:153,0
DA:154,0
DA:156,0
DA:157,0
DA:158,0
DA:160,0
DA:167,0
DA:176,0
DA:178,0
DA:186,0
DA:187,0
DA:188,0
DA:189,0
DA:190,0
DA:191,0
DA:192,0
DA:207,0
DA:211,0
LF:55
LH:0
BRDA:42,0,0,0
BRDA:42,0,1,0
BRDA:51,1,0,0
BRDA:51,1,1,0
BRDA:84,2,0,0
BRDA:84,2,1,0
BRDA:88,3,0,0
BRDA:88,3,1,0
BRDA:88,4,0,0
BRDA:88,4,1,0
BRDA:119,5,0,0
BRDA:119,5,1,0
BRDA:124,6,0,0
BRDA:124,6,1,0
BRDA:140,7,0,0
BRDA:140,7,1,0
BRDA:186,8,0,0
BRDA:186,8,1,0
BRDA:191,9,0,0
BRDA:191,9,1,0
BRDA:195,10,0,0
BRDA:195,10,1,0
BRF:22
BRH:0
end_of_record
TN:
SF:backend\middleware\security.js
FN:13,(anonymous_0)
FN:100,(anonymous_1)
FN:144,(anonymous_2)
FN:183,(anonymous_3)
FN:184,(anonymous_4)
FN:204,(anonymous_5)
FN:205,(anonymous_6)
FN:229,(anonymous_7)
FN:236,(anonymous_8)
FN:258,(anonymous_9)
FN:271,(anonymous_10)
FNF:11
FNH:0
FNDA:0,(anonymous_0)
FNDA:0,(anonymous_1)
FNDA:0,(anonymous_2)
FNDA:0,(anonymous_3)
FNDA:0,(anonymous_4)
FNDA:0,(anonymous_5)
FNDA:0,(anonymous_6)
FNDA:0,(anonymous_7)
FNDA:0,(anonymous_8)
FNDA:0,(anonymous_9)
FNDA:0,(anonymous_10)
DA:13,0
DA:15,0
DA:17,0
DA:19,0
DA:20,0
DA:23,0
DA:30,0
DA:89,0
DA:102,0
DA:110,0
DA:127,0
DA:143,0
DA:146,0
DA:147,0
DA:151,0
DA:158,0
DA:159,0
DA:161,0
DA:183,0
DA:184,0
DA:185,0
DA:186,0
DA:188,0
DA:189,0
DA:196,0
DA:204,0
DA:205,0
DA:207,0
DA:208,0
DA:211,0
DA:213,0
DA:214,0
DA:216,0
DA:229,0
DA:230,0
DA:233,0
DA:236,0
DA:237,0
DA:238,0
DA:241,0
DA:242,0
DA:246,0
DA:247,0
DA:251,0
DA:258,0
DA:260,0
DA:271,0
DA:272,0
DA:273,0
DA:274,0
DA:275,0
DA:276,0
DA:279,0
DA:280,0
DA:281,0
DA:285,0
DA:289,0
DA:293,0
DA:295,0
DA:302,0
LF:60
LH:0
BRDA:15,0,0,0
BRDA:15,0,1,0
BRDA:17,1,0,0
BRDA:17,1,1,0
BRDA:17,2,0,0
BRDA:17,2,1,0
BRDA:49,3,0,0
BRDA:49,3,1,0
BRDA:102,4,0,0
BRDA:102,4,1,0
BRDA:102,4,2,0
BRDA:146,5,0,0
BRDA:146,5,1,0
BRDA:158,6,0,0
BRDA:158,6,1,0
BRDA:158,7,0,0
BRDA:158,7,1,0
BRDA:183,8,0,0
BRDA:185,9,0,0
BRDA:185,9,1,0
BRDA:188,10,0,0
BRDA:188,10,1,0
BRDA:204,11,0,0
BRDA:207,12,0,0
BRDA:207,12,1,0
BRDA:211,13,0,0
BRDA:211,13,1,0
BRDA:213,14,0,0
BRDA:213,14,1,0
BRDA:213,15,0,0
BRDA:213,15,1,0
BRDA:241,16,0,0
BRDA:241,16,1,0
BRDA:241,17,0,0
BRDA:241,17,1,0
BRDA:241,17,2,0
BRDA:246,18,0,0
BRDA:246,18,1,0
BRDA:273,19,0,0
BRDA:273,19,1,0
BRDA:275,20,0,0
BRDA:275,20,1,0
BRDA:279,21,0,0
BRDA:279,21,1,0
BRDA:279,22,0,0
BRDA:279,22,1,0
BRDA:280,23,0,0
BRDA:280,23,1,0
BRDA:289,24,0,0
BRDA:289,24,1,0
BRDA:289,25,0,0
BRDA:289,25,1,0
BRDA:289,25,2,0
BRF:53
BRH:0
end_of_record
TN:
SF:backend\middleware\sentry.js
FN:6,(anonymous_0)
FN:49,(anonymous_1)
FN:90,(anonymous_2)
FN:112,(anonymous_3)
FN:126,(anonymous_4)
FNF:5
FNH:0
FNDA:0,(anonymous_0)
FNDA:0,(anonymous_1)
FNDA:0,(anonymous_2)
FNDA:0,(anonymous_3)
FNDA:0,(anonymous_4)
DA:6,0
DA:8,0
DA:21,0
DA:32,0
DA:33,0
DA:42,0
DA:43,0
DA:45,0
DA:49,0
DA:51,0
DA:52,0
DA:56,0
DA:73,0
DA:76,0
DA:86,0
DA:90,0
DA:91,0
DA:108,0
DA:112,0
DA:113,0
DA:122,0
DA:126,0
DA:127,0
LF:23
LH:0
BRDA:32,0,0,0
BRDA:32,0,1,0
BRDA:42,1,0,0
BRDA:42,1,1,0
BRDA:51,2,0,0
BRDA:51,2,1,0
BRDA:51,3,0,0
BRDA:51,3,1,0
BRDA:51,3,2,0
BRDA:65,4,0,0
BRDA:65,4,1,0
BRDA:90,5,0,0
BRDA:100,6,0,0
BRDA:100,6,1,0
BRDA:112,7,0,0
BRDA:112,8,0,0
BRDA:126,9,0,0
BRDA:126,10,0,0
BRDA:126,11,0,0
BRF:19
BRH:0
end_of_record
TN:
SF:backend\middleware\twoFactorAuth.js
FN:26,(anonymous_0)
FN:43,(anonymous_1)
FN:56,(anonymous_2)
FN:82,(anonymous_3)
FN:94,(anonymous_4)
FN:95,(anonymous_5)
FN:101,(anonymous_6)
FN:109,(anonymous_7)
FN:143,(anonymous_8)
FN:188,(anonymous_9)
FN:225,(anonymous_10)
FN:255,(anonymous_11)
FN:298,(anonymous_12)
FN:327,(anonymous_13)
FN:369,(anonymous_14)
FN:397,(anonymous_15)
FNF:16
FNH:0
FNDA:0,(anonymous_0)
FNDA:0,(anonymous_1)
FNDA:0,(anonymous_2)
FNDA:0,(anonymous_3)
FNDA:0,(anonymous_4)
FNDA:0,(anonymous_5)
FNDA:0,(anonymous_6)
FNDA:0,(anonymous_7)
FNDA:0,(anonymous_8)
FNDA:0,(anonymous_9)
FNDA:0,(anonymous_10)
FNDA:0,(anonymous_11)
FNDA:0,(anonymous_12)
FNDA:0,(anonymous_13)
FNDA:0,(anonymous_14)
FNDA:0,(anonymous_15)
DA:14,0
DA:26,0
DA:27,0
DA:33,0
DA:43,0
DA:44,0
DA:45,0
DA:46,0
DA:48,0
DA:49,0
DA:56,0
DA:57,0
DA:58,0
DA:66,0
DA:71,0
DA:72,0
DA:82,0
DA:83,0
DA:84,0
DA:85,0
DA:86,0
DA:88,0
DA:94,0
DA:95,0
DA:101,0
DA:102,0
DA:103,0
DA:109,0
DA:110,0
DA:112,0
DA:115,0
DA:118,0
DA:119,0
DA:122,0
DA:127,0
DA:135,0
DA:136,0
DA:143,0
DA:144,0
DA:146,0
DA:151,0
DA:152,0
DA:155,0
DA:156,0
DA:157,0
DA:161,0
DA:162,0
DA:163,0
DA:167,0
DA:170,0
DA:175,0
DA:180,0
DA:181,0
DA:188,0
DA:189,0
DA:191,0
DA:196,0
DA:197,0
DA:200,0
DA:201,0
DA:202,0
DA:203,0
DA:207,0
DA:212,0
DA:217,0
DA:218,0
DA:225,0
DA:226,0
DA:228,0
DA:233,0
DA:234,0
DA:237,0
DA:240,0
DA:241,0
DA:249,0
DA:250,0
DA:251,0
DA:253,0
DA:255,0
DA:256,0
DA:259,0
DA:264,0
DA:273,0
DA:274,0
DA:275,0
DA:276,0
DA:284,0
DA:290,0
DA:291,0
DA:298,0
DA:299,0
DA:300,0
DA:305,0
DA:306,0
DA:309,0
DA:310,0
DA:313,0
DA:319,0
DA:320,0
DA:327,0
DA:328,0
DA:330,0
DA:335,0
DA:336,0
DA:339,0
DA:340,0
DA:341,0
DA:342,0
DA:346,0
DA:347,0
DA:350,0
DA:355,0
DA:361,0
DA:362,0
DA:369,0
DA:370,0
DA:371,0
DA:379,0
DA:381,0
DA:382,0
DA:391,0
DA:397,0
DA:398,0
DA:399,0
DA:400,0
DA:408,0
DA:409,0
DA:411,0
DA:412,0
DA:421,0
DA:423,0
DA:424,0
LF:132
LH:0
BRDA:82,0,0,0
BRDA:151,1,0,0
BRDA:151,1,1,0
BRDA:156,2,0,0
BRDA:156,2,1,0
BRDA:162,3,0,0
BRDA:162,3,1,0
BRDA:196,4,0,0
BRDA:196,4,1,0
BRDA:202,5,0,0
BRDA:202,5,1,0
BRDA:233,6,0,0
BRDA:233,6,1,0
BRDA:240,7,0,0
BRDA:240,7,1,0
BRDA:249,8,0,0
BRDA:249,8,1,0
BRDA:253,9,0,0
BRDA:253,9,1,0
BRDA:273,10,0,0
BRDA:273,10,1,0
BRDA:275,11,0,0
BRDA:275,11,1,0
BRDA:305,12,0,0
BRDA:305,12,1,0
BRDA:310,13,0,0
BRDA:310,13,1,0
BRDA:335,14,0,0
BRDA:335,14,1,0
BRDA:341,15,0,0
BRDA:341,15,1,0
BRDA:370,16,0,0
BRDA:370,16,1,0
BRDA:379,17,0,0
BRDA:379,17,1,0
BRDA:381,18,0,0
BRDA:381,18,1,0
BRDA:399,19,0,0
BRDA:399,19,1,0
BRDA:409,20,0,0
BRDA:409,20,1,0
BRDA:411,21,0,0
BRDA:411,21,1,0
BRF:43
BRH:0
end_of_record
TN:
SF:backend\middleware\validation.js
FN:5,(anonymous_0)
FNF:1
FNH:0
FNDA:0,(anonymous_0)
DA:5,1
DA:6,0
DA:7,0
DA:8,0
DA:14,0
DA:18,1
DA:24,1
DA:32,1
DA:40,1
DA:46,1
DA:53,1
DA:61,1
LF:12
LH:8
BRDA:7,0,0,0
BRDA:7,0,1,0
BRF:2
BRH:0
end_of_record
TN:
SF:backend\repositories\attendanceRepository.js
FN:14,(anonymous_0)
FN:44,(anonymous_1)
FN:78,(anonymous_2)
FN:113,(anonymous_3)
FN:179,(anonymous_4)
FN:240,(anonymous_5)
FN:298,(anonymous_6)
FNF:7
FNH:0
FNDA:0,(anonymous_0)
FNDA:0,(anonymous_1)
FNDA:0,(anonymous_2)
FNDA:0,(anonymous_3)
FNDA:0,(anonymous_4)
FNDA:0,(anonymous_5)
FNDA:0,(anonymous_6)
DA:14,0
DA:15,0
DA:16,0
DA:30,0
DA:32,0
DA:33,0
DA:44,0
DA:45,0
DA:46,0
DA:64,0
DA:66,0
DA:67,0
DA:78,0
DA:79,0
DA:80,0
DA:101,0
DA:103,0
DA:104,0
DA:113,0
DA:114,0
DA:125,0
DA:128,0
DA:133,0
DA:135,0
DA:148,0
DA:155,0
DA:162,0
DA:169,0
DA:170,0
DA:179,0
DA:180,0
DA:188,0
DA:191,0
DA:196,0
DA:198,0
DA:208,0
DA:215,0
DA:222,0
DA:229,0
DA:230,0
DA:240,0
DA:241,0
DA:243,0
DA:254,0
DA:265,0
DA:280,0
DA:286,0
DA:287,0
DA:298,0
DA:299,0
DA:300,0
DA:301,0
DA:304,0
DA:305,0
DA:306,0
DA:309,0
DA:310,0
DA:311,0
DA:314,0
DA:315,0
DA:316,0
DA:319,0
DA:320,0
DA:321,0
DA:324,0
DA:346,0
DA:348,0
DA:349,0
LF:68
LH:0
BRDA:122,0,0,0
BRDA:123,1,0,0
BRDA:133,2,0,0
BRDA:133,2,1,0
BRDA:196,3,0,0
BRDA:196,3,1,0
BRDA:298,4,0,0
BRDA:304,5,0,0
BRDA:304,5,1,0
BRDA:309,6,0,0
BRDA:309,6,1,0
BRDA:314,7,0,0
BRDA:314,7,1,0
BRDA:319,8,0,0
BRDA:319,8,1,0
BRF:15
BRH:0
end_of_record
TN:
SF:backend\repositories\scheduleRepository.js
FN:13,(anonymous_0)
FN:90,(anonymous_1)
FN:123,(anonymous_2)
FN:161,(anonymous_3)
FN:199,(anonymous_4)
FN:235,(anonymous_5)
FN:332,(anonymous_6)
FN:352,(anonymous_7)
FN:402,(anonymous_8)
FNF:9
FNH:0
FNDA:0,(anonymous_0)
FNDA:0,(anonymous_1)
FNDA:0,(anonymous_2)
FNDA:0,(anonymous_3)
FNDA:0,(anonymous_4)
FNDA:0,(anonymous_5)
FNDA:0,(anonymous_6)
FNDA:0,(anonymous_7)
FNDA:0,(anonymous_8)
DA:13,0
DA:14,0
DA:15,0
DA:16,0
DA:19,0
DA:20,0
DA:21,0
DA:24,0
DA:25,0
DA:26,0
DA:29,0
DA:30,0
DA:31,0
DA:34,0
DA:35,0
DA:36,0
DA:39,0
DA:40,0
DA:41,0
DA:44,0
DA:45,0
DA:46,0
DA:49,0
DA:78,0
DA:80,0
DA:81,0
DA:90,0
DA:91,0
DA:92,0
DA:111,0
DA:113,0
DA:114,0
DA:123,0
DA:124,0
DA:125,0
DA:149,0
DA:151,0
DA:152,0
DA:161,0
DA:162,0
DA:163,0
DA:187,0
DA:189,0
DA:190,0
DA:199,0
DA:200,0
DA:212,0
DA:214,0
DA:222,0
DA:224,0
DA:225,0
DA:235,0
DA:236,0
DA:248,0
DA:251,0
DA:252,0
DA:254,0
DA:255,0
DA:256,0
DA:259,0
DA:260,0
DA:261,0
DA:264,0
DA:265,0
DA:266,0
DA:269,0
DA:270,0
DA:271,0
DA:274,0
DA:275,0
DA:276,0
DA:279,0
DA:280,0
DA:281,0
DA:284,0
DA:285,0
DA:286,0
DA:289,0
DA:290,0
DA:291,0
DA:294,0
DA:295,0
DA:296,0
DA:299,0
DA:300,0
DA:301,0
DA:304,0
DA:305,0
DA:308,0
DA:309,0
DA:311,0
DA:316,0
DA:317,0
DA:320,0
DA:322,0
DA:323,0
DA:332,0
DA:333,0
DA:334,0
DA:339,0
DA:341,0
DA:342,0
DA:352,0
DA:353,0
DA:354,0
DA:356,0
DA:357,0
DA:360,0
DA:361,0
DA:364,0
DA:365,0
DA:368,0
DA:369,0
DA:370,0
DA:373,0
DA:391,0
DA:393,0
DA:394,0
DA:402,0
DA:403,0
DA:404,0
DA:408,0
DA:412,0
DA:421,0
DA:431,0
DA:438,0
DA:439,0
LF:127
LH:0
BRDA:13,0,0,0
BRDA:19,1,0,0
BRDA:19,1,1,0
BRDA:24,2,0,0
BRDA:24,2,1,0
BRDA:29,3,0,0
BRDA:29,3,1,0
BRDA:34,4,0,0
BRDA:34,4,1,0
BRDA:39,5,0,0
BRDA:39,5,1,0
BRDA:44,6,0,0
BRDA:44,6,1,0
BRDA:111,7,0,0
BRDA:111,7,1,0
BRDA:209,8,0,0
BRDA:210,9,0,0
BRDA:211,10,0,0
BRDA:254,11,0,0
BRDA:254,11,1,0
BRDA:259,12,0,0
BRDA:259,12,1,0
BRDA:264,13,0,0
BRDA:264,13,1,0
BRDA:269,14,0,0
BRDA:269,14,1,0
BRDA:274,15,0,0
BRDA:274,15,1,0
BRDA:279,16,0,0
BRDA:279,16,1,0
BRDA:284,17,0,0
BRDA:284,17,1,0
BRDA:289,18,0,0
BRDA:289,18,1,0
BRDA:294,19,0,0
BRDA:294,19,1,0
BRDA:299,20,0,0
BRDA:299,20,1,0
BRDA:304,21,0,0
BRDA:304,21,1,0
BRDA:316,22,0,0
BRDA:316,22,1,0
BRDA:352,23,0,0
BRDA:368,24,0,0
BRDA:368,24,1,0
BRF:45
BRH:0
end_of_record
TN:
SF:backend\repositories\studentRepository.js
FN:14,(anonymous_0)
FN:102,(anonymous_1)
FN:132,(anonymous_2)
FN:162,(anonymous_3)
FN:193,(anonymous_4)
FN:228,(anonymous_5)
FN:319,(anonymous_6)
FN:339,(anonymous_7)
FN:364,(anonymous_8)
FN:401,(anonymous_9)
FNF:10
FNH:0
FNDA:0,(anonymous_0)
FNDA:0,(anonymous_1)
FNDA:0,(anonymous_2)
FNDA:0,(anonymous_3)
FNDA:0,(anonymous_4)
FNDA:0,(anonymous_5)
FNDA:0,(anonymous_6)
FNDA:0,(anonymous_7)
FNDA:0,(anonymous_8)
FNDA:0,(anonymous_9)
DA:14,0
DA:15,0
DA:16,0
DA:17,0
DA:19,0
DA:20,0
DA:23,0
DA:24,0
DA:25,0
DA:28,0
DA:29,0
DA:30,0
DA:33,0
DA:34,0
DA:35,0
DA:38,0
DA:39,0
DA:40,0
DA:41,0
DA:45,0
DA:52,0
DA:55,0
DA:82,0
DA:92,0
DA:93,0
DA:102,0
DA:103,0
DA:104,0
DA:120,0
DA:122,0
DA:123,0
DA:132,0
DA:133,0
DA:134,0
DA:150,0
DA:152,0
DA:153,0
DA:162,0
DA:163,0
DA:164,0
DA:181,0
DA:183,0
DA:184,0
DA:193,0
DA:194,0
DA:206,0
DA:208,0
DA:215,0
DA:217,0
DA:218,0
DA:228,0
DA:229,0
DA:240,0
DA:243,0
DA:244,0
DA:246,0
DA:247,0
DA:248,0
DA:251,0
DA:252,0
DA:253,0
DA:256,0
DA:257,0
DA:258,0
DA:261,0
DA:262,0
DA:263,0
DA:266,0
DA:267,0
DA:268,0
DA:271,0
DA:272,0
DA:273,0
DA:276,0
DA:277,0
DA:278,0
DA:281,0
DA:282,0
DA:283,0
DA:286,0
DA:287,0
DA:288,0
DA:291,0
DA:292,0
DA:295,0
DA:296,0
DA:298,0
DA:303,0
DA:304,0
DA:307,0
DA:309,0
DA:310,0
DA:319,0
DA:320,0
DA:321,0
DA:326,0
DA:328,0
DA:329,0
DA:339,0
DA:340,0
DA:341,0
DA:342,0
DA:344,0
DA:345,0
DA:346,0
DA:349,0
DA:350,0
DA:352,0
DA:353,0
DA:364,0
DA:365,0
DA:366,0
DA:390,0
DA:392,0
DA:393,0
DA:401,0
DA:402,0
DA:403,0
DA:407,0
DA:411,0
DA:421,0
DA:430,0
DA:437,0
DA:438,0
LF:124
LH:0
BRDA:14,0,0,0
BRDA:14,1,0,0
BRDA:16,2,0,0
BRDA:16,3,0,0
BRDA:23,4,0,0
BRDA:23,4,1,0
BRDA:28,5,0,0
BRDA:28,5,1,0
BRDA:33,6,0,0
BRDA:33,6,1,0
BRDA:38,7,0,0
BRDA:38,7,1,0
BRDA:120,8,0,0
BRDA:120,8,1,0
BRDA:150,9,0,0
BRDA:150,9,1,0
BRDA:205,10,0,0
BRDA:246,11,0,0
BRDA:246,11,1,0
BRDA:251,12,0,0
BRDA:251,12,1,0
BRDA:256,13,0,0
BRDA:256,13,1,0
BRDA:261,14,0,0
BRDA:261,14,1,0
BRDA:266,15,0,0
BRDA:266,15,1,0
BRDA:271,16,0,0
BRDA:271,16,1,0
BRDA:276,17,0,0
BRDA:276,17,1,0
BRDA:281,18,0,0
BRDA:281,18,1,0
BRDA:286,19,0,0
BRDA:286,19,1,0
BRDA:291,20,0,0
BRDA:291,20,1,0
BRDA:303,21,0,0
BRDA:303,21,1,0
BRDA:339,22,0,0
BRDA:344,23,0,0
BRDA:344,23,1,0
BRF:42
BRH:0
end_of_record
TN:
SF:backend\repositories\subjectRepository.js
FN:13,(anonymous_0)
FN:57,(anonymous_1)
FN:76,(anonymous_2)
FN:95,(anonymous_3)
FN:124,(anonymous_4)
FN:185,(anonymous_5)
FN:205,(anonymous_6)
FN:227,(anonymous_7)
FN:255,(anonymous_8)
FNF:9
FNH:0
FNDA:0,(anonymous_0)
FNDA:0,(anonymous_1)
FNDA:0,(anonymous_2)
FNDA:0,(anonymous_3)
FNDA:0,(anonymous_4)
FNDA:0,(anonymous_5)
FNDA:0,(anonymous_6)
FNDA:0,(anonymous_7)
FNDA:0,(anonymous_8)
DA:13,0
DA:14,0
DA:15,0
DA:16,0
DA:19,0
DA:20,0
DA:21,0
DA:24,0
DA:25,0
DA:26,0
DA:27,0
DA:30,0
DA:45,0
DA:47,0
DA:48,0
DA:57,0
DA:58,0
DA:59,0
DA:64,0
DA:66,0
DA:67,0
DA:76,0
DA:77,0
DA:78,0
DA:83,0
DA:85,0
DA:86,0
DA:95,0
DA:96,0
DA:102,0
DA:104,0
DA:111,0
DA:113,0
DA:114,0
DA:124,0
DA:125,0
DA:131,0
DA:134,0
DA:135,0
DA:137,0
DA:138,0
DA:139,0
DA:142,0
DA:143,0
DA:144,0
DA:147,0
DA:148,0
[...]
FN:195,(anonymous_3)
FN:218,(anonymous_4)
FN:239,(anonymous_5)
FN:254,(anonymous_6)
FN:277,(anonymous_7)
FN:296,(anonymous_8)
FN:311,(anonymous_9)
FN:334,(anonymous_10)
FN:356,(anonymous_11)
FN:371,(anonymous_12)
FN:394,(anonymous_13)
FN:413,(anonymous_14)
FN:429,(anonymous_15)
FN:469,(anonymous_16)
FN:470,(anonymous_17)
FN:482,(anonymous_18)
FN:496,(anonymous_19)
FN:519,(anonymous_20)
FN:525,(anonymous_21)
FN:531,(anonymous_22)
FN:537,(anonymous_23)
FN:538,(anonymous_24)
FN:539,(anonymous_25)
FN:540,(anonymous_26)
FN:541,(anonymous_27)
FN:542,(anonymous_28)
FN:551,(anonymous_29)
FN:552,(anonymous_30)
FN:553,(anonymous_31)
FN:564,(anonymous_32)
FN:584,(anonymous_33)
FN:594,(anonymous_34)
FN:616,(anonymous_35)
FN:641,(anonymous_36)
FN:670,(anonymous_37)
FN:692,(anonymous_38)
FN:702,(anonymous_39)
FN:724,(anonymous_40)
FN:754,(anonymous_41)
FN:783,(anonymous_42)
FN:793,(anonymous_43)
FN:810,(anonymous_44)
FN:829,(anonymous_45)
FN:835,(anonymous_46)
FN:836,(anonymous_47)
FN:837,(anonymous_48)
FN:838,(anonymous_49)
FN:839,(anonymous_50)
FN:858,(anonymous_51)
FN:874,(anonymous_52)
FN:898,(anonymous_53)
FN:918,(anonymous_54)
FN:929,(anonymous_55)
FN:959,(anonymous_56)
FN:974,(anonymous_57)
FN:995,(anonymous_58)
FN:996,(anonymous_59)
FN:1014,(anonymous_60)
FN:1024,(anonymous_61)
FNF:62
FNH:0
FNDA:0,(anonymous_0)
FNDA:0,(anonymous_1)
FNDA:0,(anonymous_2)
FNDA:0,(anonymous_3)
FNDA:0,(anonymous_4)
FNDA:0,(anonymous_5)
FNDA:0,(anonymous_6)
FNDA:0,(anonymous_7)
FNDA:0,(anonymous_8)
FNDA:0,(anonymous_9)
FNDA:0,(anonymous_10)
FNDA:0,(anonymous_11)
FNDA:0,(anonymous_12)
FNDA:0,(anonymous_13)
FNDA:0,(anonymous_14)
FNDA:0,(anonymous_15)
FNDA:0,(anonymous_16)
FNDA:0,(anonymous_17)
FNDA:0,(anonymous_18)
FNDA:0,(anonymous_19)
FNDA:0,(anonymous_20)
FNDA:0,(anonymous_21)
FNDA:0,(anonymous_22)
FNDA:0,(anonymous_23)
FNDA:0,(anonymous_24)
FNDA:0,(anonymous_25)
FNDA:0,(anonymous_26)
FNDA:0,(anonymous_27)
FNDA:0,(anonymous_28)
FNDA:0,(anonymous_29)
FNDA:0,(anonymous_30)
FNDA:0,(anonymous_31)
FNDA:0,(anonymous_32)
FNDA:0,(anonymous_33)
FNDA:0,(anonymous_34)
FNDA:0,(anonymous_35)
FNDA:0,(anonymous_36)
FNDA:0,(anonymous_37)
FNDA:0,(anonymous_38)
FNDA:0,(anonymous_39)
FNDA:0,(anonymous_40)
FNDA:0,(anonymous_41)
FNDA:0,(anonymous_42)
FNDA:0,(anonymous_43)
FNDA:0,(anonymous_44)
FNDA:0,(anonymous_45)
FNDA:0,(anonymous_46)
FNDA:0,(anonymous_47)
FNDA:0,(anonymous_48)
FNDA:0,(anonymous_49)
FNDA:0,(anonymous_50)
FNDA:0,(anonymous_51)
FNDA:0,(anonymous_52)
FNDA:0,(anonymous_53)
FNDA:0,(anonymous_54)
FNDA:0,(anonymous_55)
FNDA:0,(anonymous_56)
FNDA:0,(anonymous_57)
FNDA:0,(anonymous_58)
FNDA:0,(anonymous_59)
FNDA:0,(anonymous_60)
FNDA:0,(anonymous_61)
DA:12,0
DA:138,0
DA:145,0
DA:146,0
DA:148,0
DA:149,0
DA:152,0
DA:160,0
DA:161,0
DA:163,0
DA:166,0
DA:167,0
DA:168,0
DA:169,0
DA:170,0
DA:172,0
DA:173,0
DA:177,0
DA:180,0
DA:181,0
DA:182,0
DA:184,0
DA:187,0
DA:188,0
DA:196,0
DA:197,0
DA:199,0
DA:200,0
DA:203,0
DA:211,0
DA:212,0
DA:214,0
DA:217,0
DA:218,0
DA:219,0
DA:220,0
DA:221,0
DA:222,0
DA:223,0
DA:224,0
DA:225,0
DA:226,0
DA:227,0
DA:228,0
DA:230,0
DA:231,0
DA:235,0
DA:238,0
DA:239,0
DA:240,0
DA:243,0
DA:246,0
DA:247,0
DA:255,0
DA:256,0
DA:258,0
DA:259,0
DA:262,0
DA:270,0
DA:271,0
DA:273,0
DA:276,0
DA:277,0
DA:278,0
DA:279,0
DA:280,0
DA:281,0
DA:282,0
DA:283,0
DA:284,0
DA:285,0
DA:287,0
DA:288,0
DA:292,0
DA:295,0
DA:296,0
DA:297,0
DA:300,0
DA:303,0
DA:304,0
DA:312,0
DA:313,0
DA:315,0
DA:316,0
DA:319,0
DA:327,0
DA:328,0
DA:330,0
DA:333,0
DA:334,0
DA:335,0
DA:336,0
DA:337,0
DA:338,0
DA:339,0
DA:340,0
DA:341,0
DA:342,0
DA:343,0
DA:344,0
DA:345,0
DA:346,0
DA:347,0
DA:348,0
DA:350,0
DA:351,0
DA:355,0
DA:356,0
DA:357,0
DA:360,0
DA:363,0
DA:364,0
DA:372,0
DA:373,0
DA:375,0
DA:376,0
DA:379,0
DA:387,0
DA:388,0
DA:390,0
DA:393,0
DA:394,0
DA:395,0
DA:396,0
DA:397,0
DA:398,0
DA:399,0
DA:400,0
DA:401,0
DA:402,0
DA:403,0
DA:404,0
DA:405,0
DA:407,0
DA:408,0
DA:412,0
DA:413,0
DA:414,0
DA:417,0
DA:420,0
DA:421,0
DA:431,0
DA:432,0
DA:433,0
DA:442,0
DA:448,0
DA:449,0
DA:450,0
DA:454,0
DA:460,0
DA:461,0
DA:462,0
DA:463,0
DA:470,0
DA:471,0
DA:472,0
DA:473,0
DA:483,0
DA:484,0
DA:485,0
DA:497,0
DA:498,0
DA:501,0
DA:504,0
DA:505,0
DA:513,0
DA:520,0
DA:522,0
DA:523,0
DA:525,0
DA:526,0
DA:527,0
DA:532,0
DA:536,0
DA:537,0
DA:538,0
DA:539,0
DA:540,0
DA:541,0
DA:542,0
DA:544,0
DA:545,0
DA:546,0
DA:547,0
DA:548,0
DA:549,0
DA:551,0
DA:552,0
DA:553,0
DA:555,0
DA:556,0
DA:557,0
DA:560,0
DA:565,0
DA:566,0
DA:569,0
DA:577,0
DA:578,0
DA:584,0
DA:585,0
DA:586,0
DA:587,0
DA:588,0
DA:589,0
DA:590,0
DA:594,0
DA:595,0
DA:596,0
DA:616,0
DA:617,0
DA:618,0
DA:619,0
DA:620,0
DA:625,0
DA:626,0
DA:627,0
DA:628,0
DA:630,0
DA:631,0
DA:632,0
DA:635,0
DA:637,0
DA:642,0
DA:643,0
DA:646,0
DA:654,0
DA:657,0
DA:658,0
DA:659,0
DA:660,0
DA:661,0
DA:662,0
DA:663,0
DA:666,0
DA:670,0
DA:671,0
DA:672,0
DA:673,0
DA:674,0
DA:675,0
DA:678,0
DA:680,0
DA:681,0
DA:682,0
DA:683,0
DA:687,0
DA:692,0
DA:693,0
DA:694,0
DA:695,0
DA:696,0
DA:697,0
DA:698,0
DA:702,0
DA:703,0
DA:704,0
DA:724,0
DA:725,0
DA:726,0
DA:727,0
DA:728,0
DA:731,0
DA:732,0
DA:738,0
DA:739,0
DA:740,0
DA:741,0
DA:743,0
DA:744,0
DA:745,0
DA:748,0
DA:750,0
DA:755,0
DA:756,0
DA:759,0
DA:767,0
DA:770,0
DA:771,0
DA:772,0
DA:773,0
DA:774,0
DA:775,0
DA:776,0
DA:779,0
DA:783,0
DA:784,0
DA:785,0
DA:786,0
DA:787,0
DA:788,0
DA:789,0
DA:793,0
DA:794,0
DA:795,0
DA:796,0
DA:810,0
DA:811,0
DA:812,0
DA:813,0
DA:814,0
DA:820,0
DA:821,0
DA:822,0
DA:828,0
DA:829,0
DA:830,0
DA:834,0
DA:835,0
DA:836,0
DA:837,0
DA:838,0
DA:839,0
DA:840,0
DA:841,0
DA:843,0
DA:844,0
DA:858,0
DA:859,0
DA:860,0
DA:861,0
DA:862,0
DA:863,0
DA:864,0
DA:868,0
DA:870,0
DA:875,0
DA:876,0
DA:879,0
DA:887,0
DA:888,0
DA:894,0
DA:897,0
DA:898,0
DA:899,0
DA:900,0
DA:901,0
DA:902,0
DA:903,0
DA:904,0
DA:905,0
DA:906,0
DA:907,0
DA:909,0
DA:910,0
DA:914,0
DA:917,0
DA:918,0
DA:919,0
DA:923,0
DA:925,0
DA:930,0
DA:931,0
DA:934,0
DA:942,0
DA:945,0
DA:946,0
DA:949,0
DA:950,0
DA:953,0
DA:955,0
DA:958,0
DA:959,0
DA:960,0
DA:968,0
DA:969,0
DA:972,0
DA:974,0
DA:975,0
DA:976,0
DA:977,0
DA:987,0
DA:991,0
DA:992,0
DA:993,0
DA:995,0
DA:996,0
DA:998,0
DA:999,0
DA:1000,0
DA:1001,0
DA:1003,0
DA:1004,0
DA:1005,0
DA:1008,0
DA:1009,0
DA:1010,0
DA:1012,0
DA:1014,0
DA:1015,0
DA:1019,0
DA:1021,0
DA:1025,0
LF:392
LH:0
BRDA:144,0,0,0
BRDA:222,1,0,0
BRDA:222,1,1,0
BRDA:223,2,0,0
BRDA:223,2,1,0
BRDA:224,3,0,0
BRDA:224,3,1,0
BRDA:225,4,0,0
BRDA:225,4,1,0
BRDA:226,5,0,0
BRDA:226,5,1,0
BRDA:227,6,0,0
BRDA:227,6,1,0
BRDA:228,7,0,0
BRDA:228,7,1,0
BRDA:280,8,0,0
BRDA:280,8,1,0
BRDA:281,9,0,0
BRDA:281,9,1,0
BRDA:282,10,0,0
BRDA:282,10,1,0
BRDA:283,11,0,0
BRDA:283,11,1,0
BRDA:284,12,0,0
BRDA:284,12,1,0
BRDA:285,13,0,0
BRDA:285,13,1,0
BRDA:347,14,0,0
BRDA:347,14,1,0
BRDA:348,15,0,0
BRDA:348,15,1,0
BRDA:404,16,0,0
BRDA:404,16,1,0
BRDA:405,17,0,0
BRDA:405,17,1,0
BRDA:462,18,0,0
BRDA:462,18,1,0
BRDA:488,19,0,0
BRDA:488,19,1,0
BRDA:533,20,0,0
BRDA:533,20,1,0
BRDA:536,21,0,0
BRDA:536,21,1,0
BRDA:537,22,0,0
BRDA:537,22,1,0
BRDA:538,23,0,0
BRDA:538,23,1,0
BRDA:539,24,0,0
BRDA:539,24,1,0
BRDA:540,25,0,0
BRDA:540,25,1,0
BRDA:541,26,0,0
BRDA:541,26,1,0
BRDA:542,27,0,0
BRDA:542,27,1,0
BRDA:551,28,0,0
BRDA:551,28,1,0
BRDA:552,29,0,0
BRDA:552,29,1,0
BRDA:553,30,0,0
BRDA:553,30,1,0
BRDA:564,31,0,0
BRDA:599,32,0,0
BRDA:599,32,1,0
BRDA:600,33,0,0
BRDA:600,33,1,0
BRDA:601,34,0,0
BRDA:601,34,1,0
BRDA:602,35,0,0
BRDA:602,35,1,0
BRDA:603,36,0,0
BRDA:603,36,1,0
BRDA:604,37,0,0
BRDA:604,37,1,0
BRDA:605,38,0,0
BRDA:605,38,1,0
BRDA:606,39,0,0
BRDA:606,39,1,0
BRDA:607,40,0,0
BRDA:607,40,1,0
BRDA:608,41,0,0
BRDA:608,41,1,0
BRDA:609,42,0,0
BRDA:609,42,1,0
BRDA:610,43,0,0
BRDA:610,43,1,0
BRDA:611,44,0,0
BRDA:611,44,1,0
BRDA:612,45,0,0
BRDA:612,45,1,0
BRDA:613,46,0,0
BRDA:613,46,1,0
BRDA:620,47,0,0
BRDA:620,47,1,0
BRDA:641,48,0,0
BRDA:672,49,0,0
BRDA:672,49,1,0
BRDA:675,50,0,0
BRDA:675,50,1,0
BRDA:675,51,0,0
BRDA:675,51,1,0
BRDA:698,52,0,0
BRDA:698,52,1,0
BRDA:707,53,0,0
BRDA:707,53,1,0
BRDA:708,54,0,0
BRDA:708,54,1,0
BRDA:709,55,0,0
BRDA:709,55,1,0
BRDA:710,56,0,0
BRDA:710,56,1,0
BRDA:711,57,0,0
BRDA:711,57,1,0
BRDA:712,58,0,0
BRDA:712,58,1,0
BRDA:713,59,0,0
BRDA:713,59,1,0
BRDA:714,60,0,0
BRDA:714,60,1,0
BRDA:715,61,0,0
BRDA:715,61,1,0
BRDA:716,62,0,0
BRDA:716,62,1,0
BRDA:717,63,0,0
BRDA:717,63,1,0
BRDA:718,64,0,0
BRDA:718,64,1,0
BRDA:719,65,0,0
BRDA:719,65,1,0
BRDA:720,66,0,0
BRDA:720,66,1,0
BRDA:721,67,0,0
BRDA:721,67,1,0
BRDA:728,68,0,0
BRDA:728,68,1,0
BRDA:731,69,0,0
BRDA:731,69,1,0
BRDA:731,70,0,0
BRDA:731,70,1,0
BRDA:732,71,0,0
BRDA:732,71,1,0
BRDA:754,72,0,0
BRDA:801,73,0,0
BRDA:801,73,1,0
BRDA:802,74,0,0
BRDA:802,74,1,0
BRDA:803,75,0,0
BRDA:803,75,1,0
BRDA:804,76,0,0
BRDA:804,76,1,0
BRDA:805,77,0,0
BRDA:805,77,1,0
BRDA:807,78,0,0
BRDA:807,78,1,0
BRDA:815,79,0,0
BRDA:815,79,1,0
BRDA:820,80,0,0
BRDA:820,80,1,0
BRDA:820,81,0,0
BRDA:820,81,1,0
BRDA:835,82,0,0
BRDA:835,82,1,0
BRDA:836,83,0,0
BRDA:836,83,1,0
BRDA:837,84,0,0
BRDA:837,84,1,0
BRDA:838,85,0,0
BRDA:838,85,1,0
BRDA:839,86,0,0
BRDA:839,86,1,0
BRDA:841,87,0,0
BRDA:841,87,1,0
BRDA:874,88,0,0
BRDA:881,89,0,0
BRDA:881,89,1,0
BRDA:929,90,0,0
BRDA:969,91,0,0
BRDA:969,91,1,0
BRDA:980,92,0,0
BRDA:980,92,1,0
BRF:180
BRH:0
end_of_record
TN:
SF:frontend\src\utils\adminApi.ts
FN:2,(anonymous_0)
FN:18,(anonymous_1)
FN:23,(anonymous_2)
FNF:3
FNH:0
FNDA:0,(anonymous_0)
FNDA:0,(anonymous_1)
FNDA:0,(anonymous_2)
DA:2,0
DA:3,0
DA:4,0
DA:14,0
DA:15,0
DA:16,0
DA:17,0
DA:18,0
DA:20,0
DA:23,0
DA:24,0
DA:27,0
LF:12
LH:0
BRDA:2,0,0,0
BRDA:8,1,0,0
BRDA:8,1,1,0
BRDA:14,2,0,0
BRDA:14,2,1,0
BRDA:15,3,0,0
BRDA:15,3,1,0
BRDA:17,4,0,0
BRDA:17,4,1,0
BRDA:24,5,0,0
BRDA:24,5,1,0
BRF:11
BRH:0
end_of_record
TN:
SF:frontend\src\utils\api.ts
FN:21,(anonymous_0)
FN:50,(anonymous_1)
FN:79,(anonymous_2)
FN:82,(anonymous_3)
FN:89,(anonymous_4)
FN:96,(anonymous_5)
FN:103,(anonymous_6)
FN:106,(anonymous_7)
FN:109,(anonymous_8)
FN:113,(anonymous_9)
FN:116,(anonymous_10)
FN:118,(anonymous_11)
FN:120,(anonymous_12)
FN:123,(anonymous_13)
FN:126,(anonymous_14)
FN:128,(anonymous_15)
FN:130,(anonymous_16)
FN:133,(anonymous_17)
FN:136,(anonymous_18)
FN:138,(anonymous_19)
FN:140,(anonymous_20)
FN:143,(anonymous_21)
FN:146,(anonymous_22)
FN:148,(anonymous_23)
FN:150,(anonymous_24)
FN:153,(anonymous_25)
FN:155,(anonymous_26)
FN:159,(anonymous_27)
FNF:28
FNH:0
FNDA:0,(anonymous_0)
FNDA:0,(anonymous_1)
FNDA:0,(anonymous_2)
FNDA:0,(anonymous_3)
FNDA:0,(anonymous_4)
FNDA:0,(anonymous_5)
FNDA:0,(anonymous_6)
FNDA:0,(anonymous_7)
FNDA:0,(anonymous_8)
FNDA:0,(anonymous_9)
FNDA:0,(anonymous_10)
FNDA:0,(anonymous_11)
FNDA:0,(anonymous_12)
FNDA:0,(anonymous_13)
FNDA:0,(anonymous_14)
FNDA:0,(anonymous_15)
FNDA:0,(anonymous_16)
FNDA:0,(anonymous_17)
FNDA:0,(anonymous_18)
FNDA:0,(anonymous_19)
FNDA:0,(anonymous_20)
FNDA:0,(anonymous_21)
FNDA:0,(anonymous_22)
FNDA:0,(anonymous_23)
FNDA:0,(anonymous_24)
FNDA:0,(anonymous_25)
FNDA:0,(anonymous_26)
FNDA:0,(anonymous_27)
DA:2,0
DA:21,0
DA:25,0
DA:28,0
DA:30,0
DA:34,0
DA:35,0
DA:38,0
DA:46,0
DA:47,0
DA:49,0
DA:50,0
DA:51,0
DA:57,0
DA:60,0
DA:61,0
DA:63,0
DA:64,0
DA:65,0
DA:70,0
DA:72,0
DA:77,0
DA:79,0
DA:83,0
DA:90,0
DA:97,0
DA:101,0
DA:104,0
DA:106,0
DA:110,0
DA:114,0
DA:116,0
DA:118,0
DA:120,0
DA:124,0
DA:126,0
DA:128,0
DA:130,0
DA:134,0
DA:136,0
DA:138,0
DA:140,0
DA:144,0
DA:146,0
DA:148,0
DA:150,0
DA:153,0
DA:156,0
DA:159,0
DA:163,0
DA:164,0
DA:165,0
DA:166,0
LF:53
LH:0
BRDA:2,0,0,0
BRDA:2,0,1,0
BRDA:23,1,0,0
BRDA:34,2,0,0
BRDA:34,2,1,0
BRDA:49,3,0,0
BRDA:49,3,1,0
BRDA:53,4,0,0
BRDA:53,4,1,0
BRDA:64,5,0,0
BRDA:64,5,1,0
BRDA:85,6,0,0
BRDA:85,6,1,0
BRDA:92,7,0,0
BRDA:92,7,1,0
BRDA:114,8,0,0
BRDA:114,8,1,0
BRDA:124,9,0,0
BRDA:124,9,1,0
BRDA:134,10,0,0
BRDA:134,10,1,0
BRDA:144,11,0,0
BRDA:144,11,1,0
BRDA:156,12,0,0
BRDA:156,12,1,0
BRF:25
BRH:0
end_of_record
TN:
SF:frontend\src\utils\apiHelpers.ts
FN:10,getAuthHeaders
FN:37,fetchWithAuth
FN:74,fetchJsonWithAuth
FN:121,postJsonWithAuth
FN:134,putJsonWithAuth
FN:147,deleteWithAuth
FN:161,isAuthError
FN:187,safeSelectValue
FN:201,parseSelectValue
FNF:9
FNH:0
FNDA:0,getAuthHeaders
FNDA:0,fetchWithAuth
FNDA:0,fetchJsonWithAuth
FNDA:0,postJsonWithAuth
FNDA:0,putJsonWithAuth
FNDA:0,deleteWithAuth
FNDA:0,isAuthError
FNDA:0,safeSelectValue
FNDA:0,parseSelectValue
DA:11,0
DA:13,0
DA:17,0
DA:18,0
DA:21,0
DA:41,0
DA:44,0
DA:49,0
DA:78,0
DA:80,0
DA:82,0
DA:83,0
DA:86,0
DA:87,0
DA:90,0
DA:91,0
DA:94,0
DA:95,0
DA:98,0
DA:99,0
DA:103,0
DA:104,0
DA:105,0
DA:107,0
DA:111,0
DA:125,0
DA:138,0
DA:150,0
DA:162,0
DA:164,0
DA:188,0
DA:189,0
DA:191,0
DA:202,0
DA:203,0
LF:35
LH:0
BRDA:17,0,0,0
BRDA:17,0,1,0
BRDA:39,1,0,0
BRDA:46,2,0,0
BRDA:46,2,1,0
BRDA:76,3,0,0
BRDA:80,4,0,0
BRDA:80,4,1,0
BRDA:82,5,0,0
BRDA:82,5,1,0
BRDA:86,6,0,0
BRDA:86,6,1,0
BRDA:90,7,0,0
BRDA:90,7,1,0
BRDA:94,8,0,0
BRDA:94,8,1,0
BRDA:98,9,0,0
BRDA:98,9,1,0
BRDA:105,10,0,0
BRDA:105,10,1,0
BRDA:105,10,2,0
BRDA:162,11,0,0
BRDA:162,11,1,0
BRDA:162,12,0,0
BRDA:162,12,1,0
BRDA:165,13,0,0
BRDA:165,13,1,0
BRDA:165,13,2,0
BRDA:165,13,3,0
BRDA:187,14,0,0
BRDA:188,15,0,0
BRDA:188,15,1,0
BRDA:188,16,0,0
BRDA:188,16,1,0
BRDA:188,16,2,0
BRDA:201,17,0,0
BRDA:203,18,0,0
BRDA:203,18,1,0
BRF:38
BRH:0
end_of_record
TN:
SF:frontend\src\utils\ensureArray.ts
FN:30,ensureArray
FN:73,normalizeApiResponse
FN:129,safeFind
FN:151,safeFilter
FN:166,safeMap
FNF:5
FNH:0
FNDA:0,ensureArray
FNDA:0,normalizeApiResponse
FNDA:0,safeFind
FNDA:0,safeFilter
FNDA:0,safeMap
DA:32,0
DA:33,0
DA:37,0
DA:38,0
DA:41,0
DA:43,0
DA:44,0
DA:45,0
DA:50,0
DA:52,0
DA:57,0
DA:83,0
DA:84,0
DA:87,0
DA:88,0
DA:95,0
DA:96,0
DA:104,0
DA:105,0
DA:111,0
DA:133,0
DA:134,0
DA:135,0
DA:155,0
DA:156,0
DA:170,0
DA:171,0
LF:27
LH:0
BRDA:32,0,0,0
BRDA:32,0,1,0
BRDA:37,1,0,0
BRDA:37,1,1,0
BRDA:37,2,0,0
BRDA:37,2,1,0
BRDA:44,3,0,0
BRDA:44,3,1,0
BRDA:50,4,0,0
BRDA:50,4,1,0
BRDA:50,5,0,0
BRDA:50,5,1,0
BRDA:83,6,0,0
BRDA:83,6,1,0
BRDA:83,7,0,0
BRDA:83,7,1,0
BRDA:87,8,0,0
BRDA:87,8,1,0
BRDA:95,9,0,0
BRDA:95,9,1,0
BRDA:104,10,0,0
BRDA:104,10,1,0
BRDA:135,11,0,0
BRDA:135,11,1,0
BRF:24
BRH:0
end_of_record
TN:
SF:frontend\src\utils\http.ts
FN:14,getAuthHeaders
FN:33,httpGet
FN:54,httpPost
FN:76,httpPut
FN:97,httpDelete
FN:117,handleResponseError
FN:141,fetchWithAuth
FNF:7
FNH:0
FNDA:0,getAuthHeaders
FNDA:0,httpGet
FNDA:0,httpPost
FNDA:0,httpPut
FNDA:0,httpDelete
FNDA:0,handleResponseError
FNDA:0,fetchWithAuth
DA:8,0
DA:15,0
DA:16,0
DA:20,0
DA:21,0
DA:24,0
DA:35,0
DA:37,0
DA:44,0
DA:56,0
DA:58,0
DA:66,0
DA:78,0
DA:80,0
DA:88,0
DA:99,0
DA:101,0
DA:108,0
DA:118,0
DA:119,0
DA:121,0
DA:122,0
DA:123,0
DA:124,0
DA:128,0
DA:131,0
DA:142,0
DA:144,0
DA:145,0
DA:146,0
DA:147,0
DA:148,0
DA:149,0
DA:150,0
DA:151,0
DA:152,0
DA:153,0
DA:156,0
DA:157,0
LF:39
LH:0
BRDA:8,0,0,0
BRDA:8,0,1,0
BRDA:20,1,0,0
BRDA:20,1,1,0
BRDA:33,2,0,0
BRDA:35,3,0,0
BRDA:35,3,1,0
BRDA:40,4,0,0
BRDA:40,4,1,0
BRDA:54,5,0,0
BRDA:56,6,0,0
BRDA:56,6,1,0
BRDA:61,7,0,0
BRDA:61,7,1,0
BRDA:76,8,0,0
BRDA:78,9,0,0
BRDA:78,9,1,0
BRDA:83,10,0,0
BRDA:83,10,1,0
BRDA:97,11,0,0
BRDA:99,12,0,0
BRDA:99,12,1,0
BRDA:104,13,0,0
BRDA:104,13,1,0
BRDA:117,14,0,0
BRDA:118,15,0,0
BRDA:118,15,1,0
BRDA:123,16,0,0
BRDA:123,16,1,0
BRDA:141,17,0,0
BRDA:142,18,0,0
BRDA:142,18,1,0
BRDA:144,19,0,0
BRDA:144,19,1,0
BRDA:146,20,0,0
BRDA:146,20,1,0
BRDA:149,21,0,0
BRDA:149,21,1,0
BRDA:152,22,0,0
BRDA:152,22,1,0
BRDA:156,23,0,0
BRDA:156,23,1,0
BRDA:159,24,0,0
BRDA:159,24,1,0
BRF:44
BRH:0
end_of_record
TN:
SF:frontend\src\utils\normalize.ts
FN:11,ensureArray
FN:29,normalizeList
FN:52,getSelectValue
FN:62,hasValidId
FNF:4
FNH:0
FNDA:0,ensureArray
FNDA:0,normalizeList
FNDA:0,getSelectValue
FNDA:0,hasValidId
DA:12,0
DA:14,0
DA:15,0
DA:16,0
DA:17,0
DA:18,0
DA:21,0
DA:30,0
DA:32,0
DA:33,0
DA:34,0
DA:41,0
DA:44,0
DA:53,0
DA:54,0
DA:63,0
LF:16
LH:0
BRDA:12,0,0,0
BRDA:12,0,1,0
BRDA:14,1,0,0
BRDA:14,1,1,0
BRDA:14,2,0,0
BRDA:14,2,1,0
BRDA:16,3,0,0
BRDA:16,3,1,0
BRDA:17,4,0,0
BRDA:17,4,1,0
BRDA:18,5,0,0
BRDA:18,5,1,0
BRDA:30,6,0,0
BRDA:30,6,1,0
BRDA:32,7,0,0
BRDA:32,7,1,0
BRDA:32,8,0,0
BRDA:32,8,1,0
BRDA:34,9,0,0
BRDA:34,9,1,0
BRDA:36,10,0,0
BRDA:36,10,1,0
BRDA:38,11,0,0
BRDA:38,11,1,0
BRDA:53,12,0,0
BRDA:53,12,1,0
BRDA:53,13,0,0
BRDA:53,13,1,0
BRDA:53,13,2,0
BRDA:63,14,0,0
BRDA:63,14,1,0
BRDA:63,14,2,0
BRF:32
BRH:0
end_of_record
TN:
SF:frontend\src\utils\printLayouts.ts
FN:42,renderLetterheadHTML
FN:54,(anonymous_1)
FN:55,(anonymous_2)
FN:71,escapeHtml
FN:77,(anonymous_4)
FN:201,(anonymous_5)
FN:227,(anonymous_6)
FN:245,(anonymous_7)
FN:277,(anonymous_8)
FN:320,(anonymous_9)
FN:346,(anonymous_10)
FN:364,(anonymous_11)
FN:416,(anonymous_12)
FN:445,(anonymous_13)
FN:449,(anonymous_14)
FN:453,(anonymous_15)
FNF:16
FNH:0
FNDA:0,renderLetterheadHTML
FNDA:0,(anonymous_1)
FNDA:0,(anonymous_2)
FNDA:0,escapeHtml
FNDA:0,(anonymous_4)
FNDA:0,(anonymous_5)
FNDA:0,(anonymous_6)
FNDA:0,(anonymous_7)
FNDA:0,(anonymous_8)
FNDA:0,(anonymous_9)
FNDA:0,(anonymous_10)
FNDA:0,(anonymous_11)
FNDA:0,(anonymous_12)
FNDA:0,(anonymous_13)
FNDA:0,(anonymous_14)
FNDA:0,(anonymous_15)
DA:29,0
DA:43,0
DA:45,0
DA:46,0
DA:49,0
DA:50,0
DA:53,0
DA:54,0
DA:56,0
DA:57,0
DA:61,0
DA:72,0
DA:73,0
DA:74,0
DA:77,0
DA:84,0
DA:85,0
DA:86,0
DA:89,0
DA:90,0
DA:92,0
DA:94,0
DA:96,0
DA:97,0
DA:99,0
DA:100,0
DA:102,0
DA:103,0
DA:105,0
DA:106,0
DA:108,0
DA:111,0
DA:113,0
DA:198,0
DA:201,0
DA:202,0
DA:203,0
DA:204,0
DA:206,0
DA:227,0
DA:245,0
DA:246,0
DA:247,0
DA:248,0
DA:250,0
DA:278,0
DA:279,0
DA:320,0
DA:321,0
DA:322,0
DA:323,0
DA:325,0
DA:346,0
DA:364,0
DA:365,0
DA:366,0
DA:367,0
DA:370,0
DA:394,0
DA:416,0
DA:445,0
DA:449,0
DA:453,0
LF:63
LH:0
BRDA:43,0,0,0
BRDA:43,0,1,0
BRDA:45,1,0,0
BRDA:45,1,1,0
BRDA:45,2,0,0
BRDA:45,2,1,0
BRDA:45,2,2,0
BRDA:49,3,0,0
BRDA:49,3,1,0
BRDA:50,4,0,0
BRDA:50,4,1,0
BRDA:56,5,0,0
BRDA:56,5,1,0
BRDA:81,6,0,0
BRDA:82,7,0,0
BRDA:84,8,0,0
BRDA:84,8,1,0
BRDA:90,9,0,0
BRDA:90,9,1,0
BRDA:94,10,0,0
BRDA:94,10,1,0
BRDA:94,10,2,0
BRDA:94,10,3,0
BRDA:94,10,4,0
BRDA:111,11,0,0
BRDA:111,11,1,0
BRDA:201,12,0,0
BRDA:203,13,0,0
BRDA:203,13,1,0
BRDA:204,14,0,0
BRDA:204,14,1,0
BRDA:218,15,0,0
BRDA:218,15,1,0
BRDA:231,16,0,0
BRDA:231,16,1,0
BRDA:232,17,0,0
BRDA:232,17,1,0
BRDA:232,18,0,0
BRDA:232,18,1,0
BRDA:233,19,0,0
BRDA:233,19,1,0
BRDA:234,20,0,0
BRDA:234,20,1,0
BRDA:235,21,0,0
BRDA:235,21,1,0
BRDA:236,22,0,0
BRDA:236,22,1,0
BRDA:237,23,0,0
BRDA:237,23,1,0
BRDA:245,24,0,0
BRDA:247,25,0,0
BRDA:247,25,1,0
BRDA:248,26,0,0
BRDA:248,26,1,0
BRDA:261,27,0,0
BRDA:261,27,1,0
BRDA:263,28,0,0
BRDA:263,28,1,0
BRDA:278,29,0,0
BRDA:278,29,1,0
BRDA:278,30,0,0
BRDA:278,30,1,0
BRDA:278,31,0,0
BRDA:278,31,1,0
BRDA:278,32,0,0
BRDA:278,32,1,0
BRDA:278,33,0,0
BRDA:278,33,1,0
BRDA:283,34,0,0
BRDA:283,34,1,0
BRDA:284,35,0,0
BRDA:284,35,1,0
BRDA:284,36,0,0
BRDA:284,36,1,0
BRDA:285,37,0,0
BRDA:285,37,1,0
BRDA:286,38,0,0
BRDA:286,38,1,0
BRDA:287,39,0,0
BRDA:287,39,1,0
BRDA:288,40,0,0
BRDA:288,40,1,0
BRDA:289,41,0,0
BRDA:289,41,1,0
BRDA:291,42,0,0
BRDA:291,42,1,0
BRDA:309,43,0,0
BRDA:309,43,1,0
BRDA:311,44,0,0
BRDA:311,44,1,0
BRDA:320,45,0,0
BRDA:322,46,0,0
BRDA:322,46,1,0
BRDA:323,47,0,0
BRDA:323,47,1,0
BRDA:337,48,0,0
BRDA:337,48,1,0
BRDA:350,49,0,0
BRDA:350,49,1,0
BRDA:351,50,0,0
BRDA:351,50,1,0
BRDA:351,51,0,0
BRDA:351,51,1,0
BRDA:352,52,0,0
BRDA:352,52,1,0
BRDA:353,53,0,0
BRDA:353,53,1,0
BRDA:354,54,0,0
BRDA:354,54,1,0
BRDA:355,55,0,0
BRDA:355,55,1,0
BRDA:356,56,0,0
BRDA:356,56,1,0
BRDA:364,57,0,0
BRDA:366,58,0,0
BRDA:366,58,1,0
BRDA:367,59,0,0
BRDA:367,59,1,0
BRDA:370,60,0,0
BRDA:370,60,1,0
BRDA:370,61,0,0
BRDA:370,61,1,0
BRDA:404,62,0,0
BRDA:404,62,1,0
BRDA:406,63,0,0
BRDA:406,63,1,0
BRDA:420,64,0,0
BRDA:420,64,1,0
BRDA:421,65,0,0
BRDA:421,65,1,0
BRDA:421,66,0,0
BRDA:421,66,1,0
BRDA:422,67,0,0
BRDA:422,67,1,0
BRDA:423,68,0,0
BRDA:423,68,1,0
BRDA:424,69,0,0
BRDA:424,69,1,0
BRDA:425,70,0,0
BRDA:425,70,1,0
BRDA:426,71,0,0
BRDA:426,71,1,0
BRDA:427,72,0,0
BRDA:427,72,1,0
BRDA:427,73,0,0
BRDA:427,73,1,0
BRDA:428,74,0,0
BRDA:428,74,1,0
BRDA:440,75,0,0
BRDA:440,75,1,0
BRDA:445,76,0,0
BRDA:445,76,1,0
BRDA:449,77,0,0
BRDA:449,77,1,0
BRDA:453,78,0,0
BRDA:453,78,1,0
BRDA:474,79,0,0
BRDA:474,79,1,0
BRDA:476,80,0,0
BRDA:476,80,1,0
BRF:160
BRH:0
end_of_record
TN:
SF:frontend\src\utils\reportKeys.ts
FNF:0
FNH:0
DA:4,0
DA:25,0
DA:39,0
LF:3
LH:0
BRF:0
BRH:0
end_of_record
